mode: set
github.com/extmatperez/meli_bootcamp_go_w2-2/cmd/server/handler/buyer.go:19.57,23.2 1 0
github.com/extmatperez/meli_bootcamp_go_w2-2/cmd/server/handler/buyer.go:37.52,38.30 1 0
github.com/extmatperez/meli_bootcamp_go_w2-2/cmd/server/handler/buyer.go:38.30,41.17 2 0
github.com/extmatperez/meli_bootcamp_go_w2-2/cmd/server/handler/buyer.go:41.17,44.4 2 0
github.com/extmatperez/meli_bootcamp_go_w2-2/cmd/server/handler/buyer.go:46.3,46.72 1 0
github.com/extmatperez/meli_bootcamp_go_w2-2/cmd/server/handler/buyer.go:46.72,47.15 1 0
github.com/extmatperez/meli_bootcamp_go_w2-2/cmd/server/handler/buyer.go:48.27,49.51 1 0
github.com/extmatperez/meli_bootcamp_go_w2-2/cmd/server/handler/buyer.go:50.12,51.62 1 0
github.com/extmatperez/meli_bootcamp_go_w2-2/cmd/server/handler/buyer.go:53.4,53.10 1 0
github.com/extmatperez/meli_bootcamp_go_w2-2/cmd/server/handler/buyer.go:54.9,57.4 2 0
github.com/extmatperez/meli_bootcamp_go_w2-2/cmd/server/handler/buyer.go:72.55,73.30 1 0
github.com/extmatperez/meli_bootcamp_go_w2-2/cmd/server/handler/buyer.go:73.30,75.64 1 0
github.com/extmatperez/meli_bootcamp_go_w2-2/cmd/server/handler/buyer.go:75.64,78.4 2 0
github.com/extmatperez/meli_bootcamp_go_w2-2/cmd/server/handler/buyer.go:78.9,81.4 2 0
github.com/extmatperez/meli_bootcamp_go_w2-2/cmd/server/handler/buyer.go:97.55,98.30 1 0
github.com/extmatperez/meli_bootcamp_go_w2-2/cmd/server/handler/buyer.go:98.30,101.62 2 0
github.com/extmatperez/meli_bootcamp_go_w2-2/cmd/server/handler/buyer.go:101.62,104.4 2 0
github.com/extmatperez/meli_bootcamp_go_w2-2/cmd/server/handler/buyer.go:106.3,106.90 1 0
github.com/extmatperez/meli_bootcamp_go_w2-2/cmd/server/handler/buyer.go:106.90,107.15 1 0
github.com/extmatperez/meli_bootcamp_go_w2-2/cmd/server/handler/buyer.go:108.39,110.11 2 0
github.com/extmatperez/meli_bootcamp_go_w2-2/cmd/server/handler/buyer.go:111.12,113.11 2 0
github.com/extmatperez/meli_bootcamp_go_w2-2/cmd/server/handler/buyer.go:115.9,118.4 2 0
github.com/extmatperez/meli_bootcamp_go_w2-2/cmd/server/handler/buyer.go:136.55,137.30 1 0
github.com/extmatperez/meli_bootcamp_go_w2-2/cmd/server/handler/buyer.go:137.30,140.17 2 0
github.com/extmatperez/meli_bootcamp_go_w2-2/cmd/server/handler/buyer.go:140.17,143.4 2 0
github.com/extmatperez/meli_bootcamp_go_w2-2/cmd/server/handler/buyer.go:145.3,146.58 2 0
github.com/extmatperez/meli_bootcamp_go_w2-2/cmd/server/handler/buyer.go:146.58,149.4 2 0
github.com/extmatperez/meli_bootcamp_go_w2-2/cmd/server/handler/buyer.go:151.3,151.94 1 0
github.com/extmatperez/meli_bootcamp_go_w2-2/cmd/server/handler/buyer.go:151.94,152.15 1 0
github.com/extmatperez/meli_bootcamp_go_w2-2/cmd/server/handler/buyer.go:153.27,154.51 1 0
github.com/extmatperez/meli_bootcamp_go_w2-2/cmd/server/handler/buyer.go:155.39,156.51 1 0
github.com/extmatperez/meli_bootcamp_go_w2-2/cmd/server/handler/buyer.go:157.12,158.62 1 0
github.com/extmatperez/meli_bootcamp_go_w2-2/cmd/server/handler/buyer.go:160.4,160.10 1 0
github.com/extmatperez/meli_bootcamp_go_w2-2/cmd/server/handler/buyer.go:161.9,164.4 2 0
github.com/extmatperez/meli_bootcamp_go_w2-2/cmd/server/handler/buyer.go:181.55,182.30 1 0
github.com/extmatperez/meli_bootcamp_go_w2-2/cmd/server/handler/buyer.go:182.30,185.17 2 0
github.com/extmatperez/meli_bootcamp_go_w2-2/cmd/server/handler/buyer.go:185.17,188.4 2 0
github.com/extmatperez/meli_bootcamp_go_w2-2/cmd/server/handler/buyer.go:190.3,190.60 1 0
github.com/extmatperez/meli_bootcamp_go_w2-2/cmd/server/handler/buyer.go:190.60,191.15 1 0
github.com/extmatperez/meli_bootcamp_go_w2-2/cmd/server/handler/buyer.go:192.27,193.51 1 0
github.com/extmatperez/meli_bootcamp_go_w2-2/cmd/server/handler/buyer.go:194.12,195.62 1 0
github.com/extmatperez/meli_bootcamp_go_w2-2/cmd/server/handler/buyer.go:197.4,197.10 1 0
github.com/extmatperez/meli_bootcamp_go_w2-2/cmd/server/handler/buyer.go:198.9,201.4 2 0
github.com/extmatperez/meli_bootcamp_go_w2-2/cmd/server/handler/buyer.go:205.55,210.16 3 0
github.com/extmatperez/meli_bootcamp_go_w2-2/cmd/server/handler/buyer.go:210.16,213.3 2 0
github.com/extmatperez/meli_bootcamp_go_w2-2/cmd/server/handler/buyer.go:215.2,215.8 1 0
github.com/extmatperez/meli_bootcamp_go_w2-2/cmd/server/handler/employee.go:17.48,21.2 1 0
github.com/extmatperez/meli_bootcamp_go_w2-2/cmd/server/handler/employee.go:34.42,35.30 1 0
github.com/extmatperez/meli_bootcamp_go_w2-2/cmd/server/handler/employee.go:35.30,37.17 2 0
github.com/extmatperez/meli_bootcamp_go_w2-2/cmd/server/handler/employee.go:37.17,40.4 2 0
github.com/extmatperez/meli_bootcamp_go_w2-2/cmd/server/handler/employee.go:42.3,43.17 2 0
github.com/extmatperez/meli_bootcamp_go_w2-2/cmd/server/handler/employee.go:43.17,46.4 2 0
github.com/extmatperez/meli_bootcamp_go_w2-2/cmd/server/handler/employee.go:48.3,48.43 1 0
github.com/extmatperez/meli_bootcamp_go_w2-2/cmd/server/handler/employee.go:62.45,63.30 1 0
github.com/extmatperez/meli_bootcamp_go_w2-2/cmd/server/handler/employee.go:63.30,65.17 2 0
github.com/extmatperez/meli_bootcamp_go_w2-2/cmd/server/handler/employee.go:65.17,68.4 2 0
github.com/extmatperez/meli_bootcamp_go_w2-2/cmd/server/handler/employee.go:70.3,70.26 1 0
github.com/extmatperez/meli_bootcamp_go_w2-2/cmd/server/handler/employee.go:70.26,73.4 2 0
github.com/extmatperez/meli_bootcamp_go_w2-2/cmd/server/handler/employee.go:75.3,75.43 1 0
github.com/extmatperez/meli_bootcamp_go_w2-2/cmd/server/handler/employee.go:90.43,91.30 1 0
github.com/extmatperez/meli_bootcamp_go_w2-2/cmd/server/handler/employee.go:91.30,94.49 2 0
github.com/extmatperez/meli_bootcamp_go_w2-2/cmd/server/handler/employee.go:94.49,97.4 2 0
github.com/extmatperez/meli_bootcamp_go_w2-2/cmd/server/handler/employee.go:99.3,106.40 2 0
github.com/extmatperez/meli_bootcamp_go_w2-2/cmd/server/handler/employee.go:106.40,109.4 2 0
github.com/extmatperez/meli_bootcamp_go_w2-2/cmd/server/handler/employee.go:111.3,111.37 1 0
github.com/extmatperez/meli_bootcamp_go_w2-2/cmd/server/handler/employee.go:111.37,113.4 1 0
github.com/extmatperez/meli_bootcamp_go_w2-2/cmd/server/handler/employee.go:115.3,115.36 1 0
github.com/extmatperez/meli_bootcamp_go_w2-2/cmd/server/handler/employee.go:115.36,117.4 1 0
github.com/extmatperez/meli_bootcamp_go_w2-2/cmd/server/handler/employee.go:119.3,119.38 1 0
github.com/extmatperez/meli_bootcamp_go_w2-2/cmd/server/handler/employee.go:119.38,121.4 1 0
github.com/extmatperez/meli_bootcamp_go_w2-2/cmd/server/handler/employee.go:123.3,124.17 2 0
github.com/extmatperez/meli_bootcamp_go_w2-2/cmd/server/handler/employee.go:124.17,125.15 1 0
github.com/extmatperez/meli_bootcamp_go_w2-2/cmd/server/handler/employee.go:126.30,128.11 2 0
github.com/extmatperez/meli_bootcamp_go_w2-2/cmd/server/handler/employee.go:131.4,132.10 2 0
github.com/extmatperez/meli_bootcamp_go_w2-2/cmd/server/handler/employee.go:135.3,135.54 1 0
github.com/extmatperez/meli_bootcamp_go_w2-2/cmd/server/handler/employee.go:151.45,152.30 1 0
github.com/extmatperez/meli_bootcamp_go_w2-2/cmd/server/handler/employee.go:152.30,154.17 2 0
github.com/extmatperez/meli_bootcamp_go_w2-2/cmd/server/handler/employee.go:154.17,157.4 2 0
github.com/extmatperez/meli_bootcamp_go_w2-2/cmd/server/handler/employee.go:159.3,161.52 2 0
github.com/extmatperez/meli_bootcamp_go_w2-2/cmd/server/handler/employee.go:161.52,164.4 2 0
github.com/extmatperez/meli_bootcamp_go_w2-2/cmd/server/handler/employee.go:166.3,167.17 2 0
github.com/extmatperez/meli_bootcamp_go_w2-2/cmd/server/handler/employee.go:167.17,170.4 2 0
github.com/extmatperez/meli_bootcamp_go_w2-2/cmd/server/handler/employee.go:172.3,172.48 1 0
github.com/extmatperez/meli_bootcamp_go_w2-2/cmd/server/handler/employee.go:187.45,188.30 1 0
github.com/extmatperez/meli_bootcamp_go_w2-2/cmd/server/handler/employee.go:188.30,190.17 2 0
github.com/extmatperez/meli_bootcamp_go_w2-2/cmd/server/handler/employee.go:190.17,193.4 2 0
github.com/extmatperez/meli_bootcamp_go_w2-2/cmd/server/handler/employee.go:195.3,196.17 2 0
github.com/extmatperez/meli_bootcamp_go_w2-2/cmd/server/handler/employee.go:196.17,199.4 2 0
github.com/extmatperez/meli_bootcamp_go_w2-2/cmd/server/handler/employee.go:201.3,201.44 1 0
github.com/extmatperez/meli_bootcamp_go_w2-2/cmd/server/handler/product.go:45.45,49.2 1 0
github.com/extmatperez/meli_bootcamp_go_w2-2/cmd/server/handler/product.go:61.44,62.30 1 0
github.com/extmatperez/meli_bootcamp_go_w2-2/cmd/server/handler/product.go:62.30,64.17 2 0
github.com/extmatperez/meli_bootcamp_go_w2-2/cmd/server/handler/product.go:64.17,67.4 2 0
github.com/extmatperez/meli_bootcamp_go_w2-2/cmd/server/handler/product.go:68.3,68.42 1 0
github.com/extmatperez/meli_bootcamp_go_w2-2/cmd/server/handler/product.go:83.41,84.30 1 0
github.com/extmatperez/meli_bootcamp_go_w2-2/cmd/server/handler/product.go:84.30,86.17 2 0
github.com/extmatperez/meli_bootcamp_go_w2-2/cmd/server/handler/product.go:86.17,89.4 2 0
github.com/extmatperez/meli_bootcamp_go_w2-2/cmd/server/handler/product.go:90.3,91.17 2 0
github.com/extmatperez/meli_bootcamp_go_w2-2/cmd/server/handler/product.go:91.17,92.15 1 0
github.com/extmatperez/meli_bootcamp_go_w2-2/cmd/server/handler/product.go:93.29,94.51 1 0
github.com/extmatperez/meli_bootcamp_go_w2-2/cmd/server/handler/product.go:95.12,96.103 1 0
github.com/extmatperez/meli_bootcamp_go_w2-2/cmd/server/handler/product.go:98.4,98.10 1 0
github.com/extmatperez/meli_bootcamp_go_w2-2/cmd/server/handler/product.go:100.3,100.49 1 0
github.com/extmatperez/meli_bootcamp_go_w2-2/cmd/server/handler/product.go:115.44,116.30 1 0
github.com/extmatperez/meli_bootcamp_go_w2-2/cmd/server/handler/product.go:116.30,118.38 2 0
github.com/extmatperez/meli_bootcamp_go_w2-2/cmd/server/handler/product.go:118.38,121.4 2 0
github.com/extmatperez/meli_bootcamp_go_w2-2/cmd/server/handler/product.go:123.3,123.28 1 0
github.com/extmatperez/meli_bootcamp_go_w2-2/cmd/server/handler/product.go:123.28,126.4 2 0
github.com/extmatperez/meli_bootcamp_go_w2-2/cmd/server/handler/product.go:128.3,128.30 1 0
github.com/extmatperez/meli_bootcamp_go_w2-2/cmd/server/handler/product.go:128.30,131.4 2 0
github.com/extmatperez/meli_bootcamp_go_w2-2/cmd/server/handler/product.go:133.3,133.28 1 0
github.com/extmatperez/meli_bootcamp_go_w2-2/cmd/server/handler/product.go:133.28,136.4 2 0
github.com/extmatperez/meli_bootcamp_go_w2-2/cmd/server/handler/product.go:138.3,138.22 1 0
github.com/extmatperez/meli_bootcamp_go_w2-2/cmd/server/handler/product.go:138.22,141.4 2 0
github.com/extmatperez/meli_bootcamp_go_w2-2/cmd/server/handler/product.go:143.3,143.22 1 0
github.com/extmatperez/meli_bootcamp_go_w2-2/cmd/server/handler/product.go:143.22,146.4 2 0
github.com/extmatperez/meli_bootcamp_go_w2-2/cmd/server/handler/product.go:148.3,148.25 1 0
github.com/extmatperez/meli_bootcamp_go_w2-2/cmd/server/handler/product.go:148.25,151.4 2 0
github.com/extmatperez/meli_bootcamp_go_w2-2/cmd/server/handler/product.go:153.3,153.28 1 0
github.com/extmatperez/meli_bootcamp_go_w2-2/cmd/server/handler/product.go:153.28,156.4 2 0
github.com/extmatperez/meli_bootcamp_go_w2-2/cmd/server/handler/product.go:158.3,158.30 1 0
github.com/extmatperez/meli_bootcamp_go_w2-2/cmd/server/handler/product.go:158.30,161.4 2 0
github.com/extmatperez/meli_bootcamp_go_w2-2/cmd/server/handler/product.go:163.3,163.21 1 0
github.com/extmatperez/meli_bootcamp_go_w2-2/cmd/server/handler/product.go:163.21,166.4 2 0
github.com/extmatperez/meli_bootcamp_go_w2-2/cmd/server/handler/product.go:168.3,168.29 1 0
github.com/extmatperez/meli_bootcamp_go_w2-2/cmd/server/handler/product.go:168.29,171.4 2 0
github.com/extmatperez/meli_bootcamp_go_w2-2/cmd/server/handler/product.go:173.3,173.24 1 0
github.com/extmatperez/meli_bootcamp_go_w2-2/cmd/server/handler/product.go:173.24,176.4 2 0
github.com/extmatperez/meli_bootcamp_go_w2-2/cmd/server/handler/product.go:178.3,180.17 2 0
github.com/extmatperez/meli_bootcamp_go_w2-2/cmd/server/handler/product.go:180.17,181.15 1 0
github.com/extmatperez/meli_bootcamp_go_w2-2/cmd/server/handler/product.go:182.29,183.51 1 0
github.com/extmatperez/meli_bootcamp_go_w2-2/cmd/server/handler/product.go:184.12,185.102 1 0
github.com/extmatperez/meli_bootcamp_go_w2-2/cmd/server/handler/product.go:187.4,187.10 1 0
github.com/extmatperez/meli_bootcamp_go_w2-2/cmd/server/handler/product.go:189.3,189.54 1 0
github.com/extmatperez/meli_bootcamp_go_w2-2/cmd/server/handler/product.go:205.44,206.30 1 0
github.com/extmatperez/meli_bootcamp_go_w2-2/cmd/server/handler/product.go:206.30,208.17 2 0
github.com/extmatperez/meli_bootcamp_go_w2-2/cmd/server/handler/product.go:208.17,211.4 2 0
github.com/extmatperez/meli_bootcamp_go_w2-2/cmd/server/handler/product.go:212.3,213.38 2 0
github.com/extmatperez/meli_bootcamp_go_w2-2/cmd/server/handler/product.go:213.38,216.4 2 0
github.com/extmatperez/meli_bootcamp_go_w2-2/cmd/server/handler/product.go:217.3,219.17 2 0
github.com/extmatperez/meli_bootcamp_go_w2-2/cmd/server/handler/product.go:219.17,220.15 1 0
github.com/extmatperez/meli_bootcamp_go_w2-2/cmd/server/handler/product.go:221.29,222.51 1 0
github.com/extmatperez/meli_bootcamp_go_w2-2/cmd/server/handler/product.go:223.29,224.51 1 0
github.com/extmatperez/meli_bootcamp_go_w2-2/cmd/server/handler/product.go:225.12,226.104 1 0
github.com/extmatperez/meli_bootcamp_go_w2-2/cmd/server/handler/product.go:228.4,228.10 1 0
github.com/extmatperez/meli_bootcamp_go_w2-2/cmd/server/handler/product.go:230.3,230.49 1 0
github.com/extmatperez/meli_bootcamp_go_w2-2/cmd/server/handler/product.go:245.44,246.30 1 0
github.com/extmatperez/meli_bootcamp_go_w2-2/cmd/server/handler/product.go:246.30,248.17 2 0
github.com/extmatperez/meli_bootcamp_go_w2-2/cmd/server/handler/product.go:248.17,251.4 2 0
github.com/extmatperez/meli_bootcamp_go_w2-2/cmd/server/handler/product.go:252.3,253.17 2 0
github.com/extmatperez/meli_bootcamp_go_w2-2/cmd/server/handler/product.go:253.17,254.15 1 0
github.com/extmatperez/meli_bootcamp_go_w2-2/cmd/server/handler/product.go:255.29,256.51 1 0
github.com/extmatperez/meli_bootcamp_go_w2-2/cmd/server/handler/product.go:257.12,258.104 1 0
github.com/extmatperez/meli_bootcamp_go_w2-2/cmd/server/handler/product.go:260.4,260.10 1 0
github.com/extmatperez/meli_bootcamp_go_w2-2/cmd/server/handler/product.go:263.3,263.44 1 0
github.com/extmatperez/meli_bootcamp_go_w2-2/cmd/server/handler/section.go:29.45,33.2 1 1
github.com/extmatperez/meli_bootcamp_go_w2-2/cmd/server/handler/section.go:45.44,46.30 1 1
github.com/extmatperez/meli_bootcamp_go_w2-2/cmd/server/handler/section.go:46.30,49.17 3 1
github.com/extmatperez/meli_bootcamp_go_w2-2/cmd/server/handler/section.go:49.17,52.4 2 1
github.com/extmatperez/meli_bootcamp_go_w2-2/cmd/server/handler/section.go:53.3,53.42 1 1
github.com/extmatperez/meli_bootcamp_go_w2-2/cmd/server/handler/section.go:68.41,69.30 1 1
github.com/extmatperez/meli_bootcamp_go_w2-2/cmd/server/handler/section.go:69.30,71.17 2 1
github.com/extmatperez/meli_bootcamp_go_w2-2/cmd/server/handler/section.go:71.17,74.4 2 1
github.com/extmatperez/meli_bootcamp_go_w2-2/cmd/server/handler/section.go:76.3,78.17 3 1
github.com/extmatperez/meli_bootcamp_go_w2-2/cmd/server/handler/section.go:78.17,79.15 1 1
github.com/extmatperez/meli_bootcamp_go_w2-2/cmd/server/handler/section.go:80.29,81.51 1 1
github.com/extmatperez/meli_bootcamp_go_w2-2/cmd/server/handler/section.go:82.12,83.103 1 1
github.com/extmatperez/meli_bootcamp_go_w2-2/cmd/server/handler/section.go:85.4,85.10 1 1
github.com/extmatperez/meli_bootcamp_go_w2-2/cmd/server/handler/section.go:87.3,87.49 1 1
github.com/extmatperez/meli_bootcamp_go_w2-2/cmd/server/handler/section.go:102.44,103.30 1 1
github.com/extmatperez/meli_bootcamp_go_w2-2/cmd/server/handler/section.go:103.30,105.48 2 1
github.com/extmatperez/meli_bootcamp_go_w2-2/cmd/server/handler/section.go:105.48,108.4 2 1
github.com/extmatperez/meli_bootcamp_go_w2-2/cmd/server/handler/section.go:110.3,110.29 1 1
github.com/extmatperez/meli_bootcamp_go_w2-2/cmd/server/handler/section.go:110.29,113.4 2 1
github.com/extmatperez/meli_bootcamp_go_w2-2/cmd/server/handler/section.go:115.3,115.34 1 1
github.com/extmatperez/meli_bootcamp_go_w2-2/cmd/server/handler/section.go:115.34,118.4 2 1
github.com/extmatperez/meli_bootcamp_go_w2-2/cmd/server/handler/section.go:120.3,120.34 1 1
github.com/extmatperez/meli_bootcamp_go_w2-2/cmd/server/handler/section.go:120.34,123.4 2 1
github.com/extmatperez/meli_bootcamp_go_w2-2/cmd/server/handler/section.go:125.3,125.31 1 1
github.com/extmatperez/meli_bootcamp_go_w2-2/cmd/server/handler/section.go:125.31,128.4 2 1
github.com/extmatperez/meli_bootcamp_go_w2-2/cmd/server/handler/section.go:130.3,130.31 1 1
github.com/extmatperez/meli_bootcamp_go_w2-2/cmd/server/handler/section.go:130.31,133.4 2 1
github.com/extmatperez/meli_bootcamp_go_w2-2/cmd/server/handler/section.go:135.3,135.31 1 1
github.com/extmatperez/meli_bootcamp_go_w2-2/cmd/server/handler/section.go:135.31,138.4 2 1
github.com/extmatperez/meli_bootcamp_go_w2-2/cmd/server/handler/section.go:140.3,140.27 1 1
github.com/extmatperez/meli_bootcamp_go_w2-2/cmd/server/handler/section.go:140.27,143.4 2 1
github.com/extmatperez/meli_bootcamp_go_w2-2/cmd/server/handler/section.go:145.3,145.29 1 1
github.com/extmatperez/meli_bootcamp_go_w2-2/cmd/server/handler/section.go:145.29,148.4 2 1
github.com/extmatperez/meli_bootcamp_go_w2-2/cmd/server/handler/section.go:150.3,153.17 3 1
github.com/extmatperez/meli_bootcamp_go_w2-2/cmd/server/handler/section.go:153.17,154.15 1 1
github.com/extmatperez/meli_bootcamp_go_w2-2/cmd/server/handler/section.go:155.29,156.51 1 1
github.com/extmatperez/meli_bootcamp_go_w2-2/cmd/server/handler/section.go:157.12,158.102 1 1
github.com/extmatperez/meli_bootcamp_go_w2-2/cmd/server/handler/section.go:160.4,160.10 1 1
github.com/extmatperez/meli_bootcamp_go_w2-2/cmd/server/handler/section.go:162.3,162.54 1 1
github.com/extmatperez/meli_bootcamp_go_w2-2/cmd/server/handler/section.go:178.44,179.30 1 1
github.com/extmatperez/meli_bootcamp_go_w2-2/cmd/server/handler/section.go:179.30,181.17 2 1
github.com/extmatperez/meli_bootcamp_go_w2-2/cmd/server/handler/section.go:181.17,184.4 2 1
github.com/extmatperez/meli_bootcamp_go_w2-2/cmd/server/handler/section.go:185.3,186.48 2 1
github.com/extmatperez/meli_bootcamp_go_w2-2/cmd/server/handler/section.go:186.48,189.4 2 1
github.com/extmatperez/meli_bootcamp_go_w2-2/cmd/server/handler/section.go:190.3,192.17 2 1
github.com/extmatperez/meli_bootcamp_go_w2-2/cmd/server/handler/section.go:192.17,193.15 1 1
github.com/extmatperez/meli_bootcamp_go_w2-2/cmd/server/handler/section.go:194.29,195.51 1 1
github.com/extmatperez/meli_bootcamp_go_w2-2/cmd/server/handler/section.go:196.29,197.51 1 1
github.com/extmatperez/meli_bootcamp_go_w2-2/cmd/server/handler/section.go:198.12,199.104 1 1
github.com/extmatperez/meli_bootcamp_go_w2-2/cmd/server/handler/section.go:201.4,201.10 1 1
github.com/extmatperez/meli_bootcamp_go_w2-2/cmd/server/handler/section.go:203.3,203.49 1 1
github.com/extmatperez/meli_bootcamp_go_w2-2/cmd/server/handler/section.go:218.44,219.30 1 1
github.com/extmatperez/meli_bootcamp_go_w2-2/cmd/server/handler/section.go:219.30,221.17 2 1
github.com/extmatperez/meli_bootcamp_go_w2-2/cmd/server/handler/section.go:221.17,224.4 2 1
github.com/extmatperez/meli_bootcamp_go_w2-2/cmd/server/handler/section.go:225.3,227.17 3 1
github.com/extmatperez/meli_bootcamp_go_w2-2/cmd/server/handler/section.go:227.17,228.15 1 1
github.com/extmatperez/meli_bootcamp_go_w2-2/cmd/server/handler/section.go:229.29,230.51 1 1
github.com/extmatperez/meli_bootcamp_go_w2-2/cmd/server/handler/section.go:231.12,232.104 1 1
github.com/extmatperez/meli_bootcamp_go_w2-2/cmd/server/handler/section.go:234.4,234.10 1 1
github.com/extmatperez/meli_bootcamp_go_w2-2/cmd/server/handler/section.go:237.3,237.44 1 1
github.com/extmatperez/meli_bootcamp_go_w2-2/cmd/server/handler/seller.go:19.42,23.2 1 0
github.com/extmatperez/meli_bootcamp_go_w2-2/cmd/server/handler/seller.go:35.43,36.30 1 0
github.com/extmatperez/meli_bootcamp_go_w2-2/cmd/server/handler/seller.go:36.30,38.17 2 0
github.com/extmatperez/meli_bootcamp_go_w2-2/cmd/server/handler/seller.go:38.17,41.4 2 0
github.com/extmatperez/meli_bootcamp_go_w2-2/cmd/server/handler/seller.go:43.3,43.25 1 0
github.com/extmatperez/meli_bootcamp_go_w2-2/cmd/server/handler/seller.go:43.25,46.4 2 0
github.com/extmatperez/meli_bootcamp_go_w2-2/cmd/server/handler/seller.go:48.3,48.42 1 0
github.com/extmatperez/meli_bootcamp_go_w2-2/cmd/server/handler/seller.go:63.43,64.30 1 0
github.com/extmatperez/meli_bootcamp_go_w2-2/cmd/server/handler/seller.go:64.30,66.57 2 0
github.com/extmatperez/meli_bootcamp_go_w2-2/cmd/server/handler/seller.go:66.57,69.4 2 0
github.com/extmatperez/meli_bootcamp_go_w2-2/cmd/server/handler/seller.go:71.3,78.30 2 0
github.com/extmatperez/meli_bootcamp_go_w2-2/cmd/server/handler/seller.go:78.30,81.4 2 0
github.com/extmatperez/meli_bootcamp_go_w2-2/cmd/server/handler/seller.go:83.3,83.37 1 0
github.com/extmatperez/meli_bootcamp_go_w2-2/cmd/server/handler/seller.go:83.37,86.4 2 0
github.com/extmatperez/meli_bootcamp_go_w2-2/cmd/server/handler/seller.go:88.3,88.33 1 0
github.com/extmatperez/meli_bootcamp_go_w2-2/cmd/server/handler/seller.go:88.33,91.4 2 0
github.com/extmatperez/meli_bootcamp_go_w2-2/cmd/server/handler/seller.go:93.3,93.35 1 0
github.com/extmatperez/meli_bootcamp_go_w2-2/cmd/server/handler/seller.go:93.35,96.4 2 0
github.com/extmatperez/meli_bootcamp_go_w2-2/cmd/server/handler/seller.go:98.3,99.17 2 0
github.com/extmatperez/meli_bootcamp_go_w2-2/cmd/server/handler/seller.go:99.17,100.15 1 0
github.com/extmatperez/meli_bootcamp_go_w2-2/cmd/server/handler/seller.go:101.28,103.11 2 0
github.com/extmatperez/meli_bootcamp_go_w2-2/cmd/server/handler/seller.go:104.12,106.11 2 0
github.com/extmatperez/meli_bootcamp_go_w2-2/cmd/server/handler/seller.go:110.3,110.52 1 0
github.com/extmatperez/meli_bootcamp_go_w2-2/cmd/server/handler/seller.go:125.40,126.30 1 0
github.com/extmatperez/meli_bootcamp_go_w2-2/cmd/server/handler/seller.go:126.30,128.17 2 0
github.com/extmatperez/meli_bootcamp_go_w2-2/cmd/server/handler/seller.go:128.17,131.4 2 0
github.com/extmatperez/meli_bootcamp_go_w2-2/cmd/server/handler/seller.go:133.3,135.17 2 0
github.com/extmatperez/meli_bootcamp_go_w2-2/cmd/server/handler/seller.go:135.17,136.42 1 0
github.com/extmatperez/meli_bootcamp_go_w2-2/cmd/server/handler/seller.go:136.42,139.5 2 0
github.com/extmatperez/meli_bootcamp_go_w2-2/cmd/server/handler/seller.go:140.4,141.10 2 0
github.com/extmatperez/meli_bootcamp_go_w2-2/cmd/server/handler/seller.go:144.3,144.47 1 0
github.com/extmatperez/meli_bootcamp_go_w2-2/cmd/server/handler/seller.go:160.43,161.30 1 0
github.com/extmatperez/meli_bootcamp_go_w2-2/cmd/server/handler/seller.go:161.30,163.17 2 0
github.com/extmatperez/meli_bootcamp_go_w2-2/cmd/server/handler/seller.go:163.17,166.4 2 0
github.com/extmatperez/meli_bootcamp_go_w2-2/cmd/server/handler/seller.go:168.3,170.57 2 0
github.com/extmatperez/meli_bootcamp_go_w2-2/cmd/server/handler/seller.go:170.57,173.4 2 0
github.com/extmatperez/meli_bootcamp_go_w2-2/cmd/server/handler/seller.go:175.3,176.17 2 0
github.com/extmatperez/meli_bootcamp_go_w2-2/cmd/server/handler/seller.go:176.17,179.4 2 0
github.com/extmatperez/meli_bootcamp_go_w2-2/cmd/server/handler/seller.go:181.3,181.47 1 0
github.com/extmatperez/meli_bootcamp_go_w2-2/cmd/server/handler/seller.go:196.43,197.30 1 0
github.com/extmatperez/meli_bootcamp_go_w2-2/cmd/server/handler/seller.go:197.30,199.17 2 0
github.com/extmatperez/meli_bootcamp_go_w2-2/cmd/server/handler/seller.go:199.17,202.4 2 0
github.com/extmatperez/meli_bootcamp_go_w2-2/cmd/server/handler/seller.go:204.3,205.17 2 0
github.com/extmatperez/meli_bootcamp_go_w2-2/cmd/server/handler/seller.go:205.17,208.4 2 0
github.com/extmatperez/meli_bootcamp_go_w2-2/cmd/server/handler/seller.go:209.3,209.44 1 0
github.com/extmatperez/meli_bootcamp_go_w2-2/cmd/server/handler/warehouse.go:18.51,22.2 1 0
github.com/extmatperez/meli_bootcamp_go_w2-2/cmd/server/handler/warehouse.go:33.43,34.30 1 0
github.com/extmatperez/meli_bootcamp_go_w2-2/cmd/server/handler/warehouse.go:34.30,37.15 2 0
github.com/extmatperez/meli_bootcamp_go_w2-2/cmd/server/handler/warehouse.go:37.15,40.4 2 0
github.com/extmatperez/meli_bootcamp_go_w2-2/cmd/server/handler/warehouse.go:42.3,44.17 2 0
github.com/extmatperez/meli_bootcamp_go_w2-2/cmd/server/handler/warehouse.go:44.17,47.4 2 0
github.com/extmatperez/meli_bootcamp_go_w2-2/cmd/server/handler/warehouse.go:49.3,49.40 1 0
github.com/extmatperez/meli_bootcamp_go_w2-2/cmd/server/handler/warehouse.go:61.46,62.30 1 0
github.com/extmatperez/meli_bootcamp_go_w2-2/cmd/server/handler/warehouse.go:62.30,65.17 2 0
github.com/extmatperez/meli_bootcamp_go_w2-2/cmd/server/handler/warehouse.go:65.17,68.4 2 0
github.com/extmatperez/meli_bootcamp_go_w2-2/cmd/server/handler/warehouse.go:70.3,71.9 2 0
github.com/extmatperez/meli_bootcamp_go_w2-2/cmd/server/handler/warehouse.go:85.46,86.30 1 0
github.com/extmatperez/meli_bootcamp_go_w2-2/cmd/server/handler/warehouse.go:86.30,88.48 2 0
github.com/extmatperez/meli_bootcamp_go_w2-2/cmd/server/handler/warehouse.go:88.48,91.4 2 0
github.com/extmatperez/meli_bootcamp_go_w2-2/cmd/server/handler/warehouse.go:93.3,93.63 1 0
github.com/extmatperez/meli_bootcamp_go_w2-2/cmd/server/handler/warehouse.go:93.63,96.4 2 0
github.com/extmatperez/meli_bootcamp_go_w2-2/cmd/server/handler/warehouse.go:98.3,99.15 2 0
github.com/extmatperez/meli_bootcamp_go_w2-2/cmd/server/handler/warehouse.go:99.15,100.13 1 0
github.com/extmatperez/meli_bootcamp_go_w2-2/cmd/server/handler/warehouse.go:101.31,102.49 1 0
github.com/extmatperez/meli_bootcamp_go_w2-2/cmd/server/handler/warehouse.go:103.12,104.51 1 0
github.com/extmatperez/meli_bootcamp_go_w2-2/cmd/server/handler/warehouse.go:106.4,106.10 1 0
github.com/extmatperez/meli_bootcamp_go_w2-2/cmd/server/handler/warehouse.go:109.3,110.9 2 0
github.com/extmatperez/meli_bootcamp_go_w2-2/cmd/server/handler/warehouse.go:123.46,124.30 1 0
github.com/extmatperez/meli_bootcamp_go_w2-2/cmd/server/handler/warehouse.go:124.30,128.15 3 0
github.com/extmatperez/meli_bootcamp_go_w2-2/cmd/server/handler/warehouse.go:128.15,131.4 2 0
github.com/extmatperez/meli_bootcamp_go_w2-2/cmd/server/handler/warehouse.go:133.3,133.48 1 0
github.com/extmatperez/meli_bootcamp_go_w2-2/cmd/server/handler/warehouse.go:133.48,136.4 2 0
github.com/extmatperez/meli_bootcamp_go_w2-2/cmd/server/handler/warehouse.go:138.3,140.17 2 0
github.com/extmatperez/meli_bootcamp_go_w2-2/cmd/server/handler/warehouse.go:140.17,143.4 2 0
github.com/extmatperez/meli_bootcamp_go_w2-2/cmd/server/handler/warehouse.go:145.3,145.40 1 0
github.com/extmatperez/meli_bootcamp_go_w2-2/cmd/server/handler/warehouse.go:155.46,156.30 1 0
github.com/extmatperez/meli_bootcamp_go_w2-2/cmd/server/handler/warehouse.go:156.30,158.15 2 0
github.com/extmatperez/meli_bootcamp_go_w2-2/cmd/server/handler/warehouse.go:158.15,161.4 2 0
github.com/extmatperez/meli_bootcamp_go_w2-2/cmd/server/handler/warehouse.go:163.3,165.17 2 0
github.com/extmatperez/meli_bootcamp_go_w2-2/cmd/server/handler/warehouse.go:165.17,168.4 2 0
github.com/extmatperez/meli_bootcamp_go_w2-2/cmd/server/handler/warehouse.go:170.3,170.44 1 0
github.com/extmatperez/meli_bootcamp_go_w2-2/cmd/server/handler/warehouse.go:174.88,175.23 1 0
github.com/extmatperez/meli_bootcamp_go_w2-2/cmd/server/handler/warehouse.go:175.23,177.3 1 0
github.com/extmatperez/meli_bootcamp_go_w2-2/cmd/server/handler/warehouse.go:178.2,178.25 1 0
github.com/extmatperez/meli_bootcamp_go_w2-2/cmd/server/handler/warehouse.go:178.25,180.3 1 0
github.com/extmatperez/meli_bootcamp_go_w2-2/cmd/server/handler/warehouse.go:181.2,181.29 1 0
github.com/extmatperez/meli_bootcamp_go_w2-2/cmd/server/handler/warehouse.go:181.29,183.3 1 0
github.com/extmatperez/meli_bootcamp_go_w2-2/cmd/server/handler/warehouse.go:184.2,184.30 1 0
github.com/extmatperez/meli_bootcamp_go_w2-2/cmd/server/handler/warehouse.go:184.30,186.3 1 0
github.com/extmatperez/meli_bootcamp_go_w2-2/cmd/server/handler/warehouse.go:187.2,187.33 1 0
github.com/extmatperez/meli_bootcamp_go_w2-2/cmd/server/handler/warehouse.go:187.33,189.3 1 0
github.com/extmatperez/meli_bootcamp_go_w2-2/cmd/server/handler/warehouse.go:191.2,191.12 1 0
