mode: atomic
github.com/extmatperez/meli_bootcamp_go_w2-2/internal/integrations/database/repositories/buyer.go:25.66,29.2 1 0
github.com/extmatperez/meli_bootcamp_go_w2-2/internal/integrations/database/repositories/buyer.go:31.81,33.16 2 0
github.com/extmatperez/meli_bootcamp_go_w2-2/internal/integrations/database/repositories/buyer.go:33.16,35.3 1 0
github.com/extmatperez/meli_bootcamp_go_w2-2/internal/integrations/database/repositories/buyer.go:37.2,39.18 2 0
github.com/extmatperez/meli_bootcamp_go_w2-2/internal/integrations/database/repositories/buyer.go:39.18,43.3 3 0
github.com/extmatperez/meli_bootcamp_go_w2-2/internal/integrations/database/repositories/buyer.go:45.2,45.20 1 0
github.com/extmatperez/meli_bootcamp_go_w2-2/internal/integrations/database/repositories/buyer.go:48.84,52.16 4 0
github.com/extmatperez/meli_bootcamp_go_w2-2/internal/integrations/database/repositories/buyer.go:52.16,54.3 1 0
github.com/extmatperez/meli_bootcamp_go_w2-2/internal/integrations/database/repositories/buyer.go:56.2,56.15 1 0
github.com/extmatperez/meli_bootcamp_go_w2-2/internal/integrations/database/repositories/buyer.go:59.81,63.2 3 0
github.com/extmatperez/meli_bootcamp_go_w2-2/internal/integrations/database/repositories/buyer.go:65.84,67.16 2 0
github.com/extmatperez/meli_bootcamp_go_w2-2/internal/integrations/database/repositories/buyer.go:67.16,69.3 1 0
github.com/extmatperez/meli_bootcamp_go_w2-2/internal/integrations/database/repositories/buyer.go:71.2,72.16 2 0
github.com/extmatperez/meli_bootcamp_go_w2-2/internal/integrations/database/repositories/buyer.go:72.16,74.3 1 0
github.com/extmatperez/meli_bootcamp_go_w2-2/internal/integrations/database/repositories/buyer.go:76.2,77.16 2 0
github.com/extmatperez/meli_bootcamp_go_w2-2/internal/integrations/database/repositories/buyer.go:77.16,79.3 1 0
github.com/extmatperez/meli_bootcamp_go_w2-2/internal/integrations/database/repositories/buyer.go:81.2,81.21 1 0
github.com/extmatperez/meli_bootcamp_go_w2-2/internal/integrations/database/repositories/buyer.go:84.79,86.16 2 0
github.com/extmatperez/meli_bootcamp_go_w2-2/internal/integrations/database/repositories/buyer.go:86.16,88.3 1 0
github.com/extmatperez/meli_bootcamp_go_w2-2/internal/integrations/database/repositories/buyer.go:90.2,91.16 2 0
github.com/extmatperez/meli_bootcamp_go_w2-2/internal/integrations/database/repositories/buyer.go:91.16,93.3 1 0
github.com/extmatperez/meli_bootcamp_go_w2-2/internal/integrations/database/repositories/buyer.go:95.2,96.16 2 0
github.com/extmatperez/meli_bootcamp_go_w2-2/internal/integrations/database/repositories/buyer.go:96.16,98.3 1 0
github.com/extmatperez/meli_bootcamp_go_w2-2/internal/integrations/database/repositories/buyer.go:100.2,100.12 1 0
github.com/extmatperez/meli_bootcamp_go_w2-2/internal/integrations/database/repositories/buyer.go:103.69,105.16 2 0
github.com/extmatperez/meli_bootcamp_go_w2-2/internal/integrations/database/repositories/buyer.go:105.16,107.3 1 0
github.com/extmatperez/meli_bootcamp_go_w2-2/internal/integrations/database/repositories/buyer.go:109.2,110.16 2 0
github.com/extmatperez/meli_bootcamp_go_w2-2/internal/integrations/database/repositories/buyer.go:110.16,112.3 1 0
github.com/extmatperez/meli_bootcamp_go_w2-2/internal/integrations/database/repositories/buyer.go:114.2,115.16 2 0
github.com/extmatperez/meli_bootcamp_go_w2-2/internal/integrations/database/repositories/buyer.go:115.16,117.3 1 0
github.com/extmatperez/meli_bootcamp_go_w2-2/internal/integrations/database/repositories/buyer.go:119.2,119.16 1 0
github.com/extmatperez/meli_bootcamp_go_w2-2/internal/integrations/database/repositories/buyer.go:119.16,121.3 1 0
github.com/extmatperez/meli_bootcamp_go_w2-2/internal/integrations/database/repositories/buyer.go:123.2,123.12 1 0
github.com/extmatperez/meli_bootcamp_go_w2-2/internal/integrations/database/repositories/employee.go:25.72,29.2 1 0
github.com/extmatperez/meli_bootcamp_go_w2-2/internal/integrations/database/repositories/employee.go:31.87,33.16 2 0
github.com/extmatperez/meli_bootcamp_go_w2-2/internal/integrations/database/repositories/employee.go:33.16,35.3 1 0
github.com/extmatperez/meli_bootcamp_go_w2-2/internal/integrations/database/repositories/employee.go:37.2,39.18 2 0
github.com/extmatperez/meli_bootcamp_go_w2-2/internal/integrations/database/repositories/employee.go:39.18,43.3 3 0
github.com/extmatperez/meli_bootcamp_go_w2-2/internal/integrations/database/repositories/employee.go:45.2,45.23 1 0
github.com/extmatperez/meli_bootcamp_go_w2-2/internal/integrations/database/repositories/employee.go:48.90,52.16 4 0
github.com/extmatperez/meli_bootcamp_go_w2-2/internal/integrations/database/repositories/employee.go:52.16,54.3 1 0
github.com/extmatperez/meli_bootcamp_go_w2-2/internal/integrations/database/repositories/employee.go:56.2,56.15 1 0
github.com/extmatperez/meli_bootcamp_go_w2-2/internal/integrations/database/repositories/employee.go:59.84,63.2 3 0
github.com/extmatperez/meli_bootcamp_go_w2-2/internal/integrations/database/repositories/employee.go:65.90,67.16 2 0
github.com/extmatperez/meli_bootcamp_go_w2-2/internal/integrations/database/repositories/employee.go:67.16,69.3 1 0
github.com/extmatperez/meli_bootcamp_go_w2-2/internal/integrations/database/repositories/employee.go:71.2,72.16 2 0
github.com/extmatperez/meli_bootcamp_go_w2-2/internal/integrations/database/repositories/employee.go:72.16,74.3 1 0
github.com/extmatperez/meli_bootcamp_go_w2-2/internal/integrations/database/repositories/employee.go:76.2,77.16 2 0
github.com/extmatperez/meli_bootcamp_go_w2-2/internal/integrations/database/repositories/employee.go:77.16,79.3 1 0
github.com/extmatperez/meli_bootcamp_go_w2-2/internal/integrations/database/repositories/employee.go:81.2,81.21 1 0
github.com/extmatperez/meli_bootcamp_go_w2-2/internal/integrations/database/repositories/employee.go:84.85,86.16 2 0
github.com/extmatperez/meli_bootcamp_go_w2-2/internal/integrations/database/repositories/employee.go:86.16,88.3 1 0
github.com/extmatperez/meli_bootcamp_go_w2-2/internal/integrations/database/repositories/employee.go:90.2,91.16 2 0
github.com/extmatperez/meli_bootcamp_go_w2-2/internal/integrations/database/repositories/employee.go:91.16,93.3 1 0
github.com/extmatperez/meli_bootcamp_go_w2-2/internal/integrations/database/repositories/employee.go:95.2,96.16 2 0
github.com/extmatperez/meli_bootcamp_go_w2-2/internal/integrations/database/repositories/employee.go:96.16,98.3 1 0
github.com/extmatperez/meli_bootcamp_go_w2-2/internal/integrations/database/repositories/employee.go:100.2,100.12 1 0
github.com/extmatperez/meli_bootcamp_go_w2-2/internal/integrations/database/repositories/employee.go:103.72,105.16 2 0
github.com/extmatperez/meli_bootcamp_go_w2-2/internal/integrations/database/repositories/employee.go:105.16,107.3 1 0
github.com/extmatperez/meli_bootcamp_go_w2-2/internal/integrations/database/repositories/employee.go:109.2,110.16 2 0
github.com/extmatperez/meli_bootcamp_go_w2-2/internal/integrations/database/repositories/employee.go:110.16,112.3 1 0
github.com/extmatperez/meli_bootcamp_go_w2-2/internal/integrations/database/repositories/employee.go:114.2,115.16 2 0
github.com/extmatperez/meli_bootcamp_go_w2-2/internal/integrations/database/repositories/employee.go:115.16,117.3 1 0
github.com/extmatperez/meli_bootcamp_go_w2-2/internal/integrations/database/repositories/employee.go:119.2,119.16 1 0
github.com/extmatperez/meli_bootcamp_go_w2-2/internal/integrations/database/repositories/employee.go:119.16,121.3 1 0
github.com/extmatperez/meli_bootcamp_go_w2-2/internal/integrations/database/repositories/employee.go:123.2,123.12 1 0
github.com/extmatperez/meli_bootcamp_go_w2-2/internal/integrations/database/repositories/locality.go:26.72,30.2 1 11
github.com/extmatperez/meli_bootcamp_go_w2-2/internal/integrations/database/repositories/locality.go:32.87,36.16 3 2
github.com/extmatperez/meli_bootcamp_go_w2-2/internal/integrations/database/repositories/locality.go:36.16,38.3 1 0
github.com/extmatperez/meli_bootcamp_go_w2-2/internal/integrations/database/repositories/locality.go:40.2,40.18 1 2
github.com/extmatperez/meli_bootcamp_go_w2-2/internal/integrations/database/repositories/locality.go:40.18,43.17 3 2
github.com/extmatperez/meli_bootcamp_go_w2-2/internal/integrations/database/repositories/locality.go:43.17,45.4 1 0
github.com/extmatperez/meli_bootcamp_go_w2-2/internal/integrations/database/repositories/locality.go:47.3,47.44 1 2
github.com/extmatperez/meli_bootcamp_go_w2-2/internal/integrations/database/repositories/locality.go:50.2,50.31 1 2
github.com/extmatperez/meli_bootcamp_go_w2-2/internal/integrations/database/repositories/locality.go:53.90,57.16 4 2
github.com/extmatperez/meli_bootcamp_go_w2-2/internal/integrations/database/repositories/locality.go:57.16,59.3 1 1
github.com/extmatperez/meli_bootcamp_go_w2-2/internal/integrations/database/repositories/locality.go:61.2,61.22 1 1
github.com/extmatperez/meli_bootcamp_go_w2-2/internal/integrations/database/repositories/locality.go:64.71,69.2 4 2
github.com/extmatperez/meli_bootcamp_go_w2-2/internal/integrations/database/repositories/locality.go:71.97,73.16 2 1
github.com/extmatperez/meli_bootcamp_go_w2-2/internal/integrations/database/repositories/locality.go:73.16,75.3 1 0
github.com/extmatperez/meli_bootcamp_go_w2-2/internal/integrations/database/repositories/locality.go:77.2,78.16 2 1
github.com/extmatperez/meli_bootcamp_go_w2-2/internal/integrations/database/repositories/locality.go:78.16,80.3 1 0
github.com/extmatperez/meli_bootcamp_go_w2-2/internal/integrations/database/repositories/locality.go:82.2,83.16 2 1
github.com/extmatperez/meli_bootcamp_go_w2-2/internal/integrations/database/repositories/locality.go:83.16,85.3 1 0
github.com/extmatperez/meli_bootcamp_go_w2-2/internal/integrations/database/repositories/locality.go:87.2,87.21 1 1
github.com/extmatperez/meli_bootcamp_go_w2-2/internal/integrations/database/repositories/locality.go:90.92,92.16 2 1
github.com/extmatperez/meli_bootcamp_go_w2-2/internal/integrations/database/repositories/locality.go:92.16,94.3 1 0
github.com/extmatperez/meli_bootcamp_go_w2-2/internal/integrations/database/repositories/locality.go:96.2,97.16 2 1
github.com/extmatperez/meli_bootcamp_go_w2-2/internal/integrations/database/repositories/locality.go:97.16,99.3 1 0
github.com/extmatperez/meli_bootcamp_go_w2-2/internal/integrations/database/repositories/locality.go:101.2,102.16 2 1
github.com/extmatperez/meli_bootcamp_go_w2-2/internal/integrations/database/repositories/locality.go:102.16,104.3 1 0
github.com/extmatperez/meli_bootcamp_go_w2-2/internal/integrations/database/repositories/locality.go:106.2,106.12 1 1
github.com/extmatperez/meli_bootcamp_go_w2-2/internal/integrations/database/repositories/locality.go:109.72,111.16 2 2
github.com/extmatperez/meli_bootcamp_go_w2-2/internal/integrations/database/repositories/locality.go:111.16,113.3 1 0
github.com/extmatperez/meli_bootcamp_go_w2-2/internal/integrations/database/repositories/locality.go:115.2,116.16 2 2
github.com/extmatperez/meli_bootcamp_go_w2-2/internal/integrations/database/repositories/locality.go:116.16,118.3 1 0
github.com/extmatperez/meli_bootcamp_go_w2-2/internal/integrations/database/repositories/locality.go:120.2,121.16 2 2
github.com/extmatperez/meli_bootcamp_go_w2-2/internal/integrations/database/repositories/locality.go:121.16,123.3 1 0
github.com/extmatperez/meli_bootcamp_go_w2-2/internal/integrations/database/repositories/locality.go:125.2,125.16 1 2
github.com/extmatperez/meli_bootcamp_go_w2-2/internal/integrations/database/repositories/locality.go:125.16,127.3 1 1
github.com/extmatperez/meli_bootcamp_go_w2-2/internal/integrations/database/repositories/locality.go:129.2,129.12 1 1
github.com/extmatperez/meli_bootcamp_go_w2-2/internal/integrations/database/repositories/locality.go:132.85,138.2 4 1
github.com/extmatperez/meli_bootcamp_go_w2-2/internal/integrations/database/repositories/product.go:25.70,29.2 1 0
github.com/extmatperez/meli_bootcamp_go_w2-2/internal/integrations/database/repositories/product.go:31.85,33.16 2 0
github.com/extmatperez/meli_bootcamp_go_w2-2/internal/integrations/database/repositories/product.go:33.16,35.3 1 0
github.com/extmatperez/meli_bootcamp_go_w2-2/internal/integrations/database/repositories/product.go:37.2,39.18 2 0
github.com/extmatperez/meli_bootcamp_go_w2-2/internal/integrations/database/repositories/product.go:39.18,43.3 3 0
github.com/extmatperez/meli_bootcamp_go_w2-2/internal/integrations/database/repositories/product.go:45.2,45.22 1 0
github.com/extmatperez/meli_bootcamp_go_w2-2/internal/integrations/database/repositories/product.go:48.88,52.16 4 0
github.com/extmatperez/meli_bootcamp_go_w2-2/internal/integrations/database/repositories/product.go:52.16,54.3 1 0
github.com/extmatperez/meli_bootcamp_go_w2-2/internal/integrations/database/repositories/product.go:56.2,56.15 1 0
github.com/extmatperez/meli_bootcamp_go_w2-2/internal/integrations/database/repositories/product.go:59.82,63.2 3 0
github.com/extmatperez/meli_bootcamp_go_w2-2/internal/integrations/database/repositories/product.go:65.88,67.16 2 0
github.com/extmatperez/meli_bootcamp_go_w2-2/internal/integrations/database/repositories/product.go:67.16,69.3 1 0
github.com/extmatperez/meli_bootcamp_go_w2-2/internal/integrations/database/repositories/product.go:71.2,72.16 2 0
github.com/extmatperez/meli_bootcamp_go_w2-2/internal/integrations/database/repositories/product.go:72.16,74.3 1 0
github.com/extmatperez/meli_bootcamp_go_w2-2/internal/integrations/database/repositories/product.go:76.2,77.16 2 0
github.com/extmatperez/meli_bootcamp_go_w2-2/internal/integrations/database/repositories/product.go:77.16,79.3 1 0
github.com/extmatperez/meli_bootcamp_go_w2-2/internal/integrations/database/repositories/product.go:81.2,81.21 1 0
github.com/extmatperez/meli_bootcamp_go_w2-2/internal/integrations/database/repositories/product.go:84.83,86.16 2 0
github.com/extmatperez/meli_bootcamp_go_w2-2/internal/integrations/database/repositories/product.go:86.16,88.3 1 0
github.com/extmatperez/meli_bootcamp_go_w2-2/internal/integrations/database/repositories/product.go:90.2,91.16 2 0
github.com/extmatperez/meli_bootcamp_go_w2-2/internal/integrations/database/repositories/product.go:91.16,93.3 1 0
github.com/extmatperez/meli_bootcamp_go_w2-2/internal/integrations/database/repositories/product.go:95.2,96.16 2 0
github.com/extmatperez/meli_bootcamp_go_w2-2/internal/integrations/database/repositories/product.go:96.16,98.3 1 0
github.com/extmatperez/meli_bootcamp_go_w2-2/internal/integrations/database/repositories/product.go:100.2,100.12 1 0
github.com/extmatperez/meli_bootcamp_go_w2-2/internal/integrations/database/repositories/product.go:103.71,105.16 2 0
github.com/extmatperez/meli_bootcamp_go_w2-2/internal/integrations/database/repositories/product.go:105.16,107.3 1 0
github.com/extmatperez/meli_bootcamp_go_w2-2/internal/integrations/database/repositories/product.go:109.2,110.16 2 0
github.com/extmatperez/meli_bootcamp_go_w2-2/internal/integrations/database/repositories/product.go:110.16,112.3 1 0
github.com/extmatperez/meli_bootcamp_go_w2-2/internal/integrations/database/repositories/product.go:114.2,115.16 2 0
github.com/extmatperez/meli_bootcamp_go_w2-2/internal/integrations/database/repositories/product.go:115.16,117.3 1 0
github.com/extmatperez/meli_bootcamp_go_w2-2/internal/integrations/database/repositories/product.go:119.2,119.16 1 0
github.com/extmatperez/meli_bootcamp_go_w2-2/internal/integrations/database/repositories/product.go:119.16,121.3 1 0
github.com/extmatperez/meli_bootcamp_go_w2-2/internal/integrations/database/repositories/product.go:123.2,123.12 1 0
github.com/extmatperez/meli_bootcamp_go_w2-2/internal/integrations/database/repositories/section.go:25.70,29.2 1 0
github.com/extmatperez/meli_bootcamp_go_w2-2/internal/integrations/database/repositories/section.go:31.85,33.16 2 0
github.com/extmatperez/meli_bootcamp_go_w2-2/internal/integrations/database/repositories/section.go:33.16,35.3 1 0
github.com/extmatperez/meli_bootcamp_go_w2-2/internal/integrations/database/repositories/section.go:37.2,39.18 2 0
github.com/extmatperez/meli_bootcamp_go_w2-2/internal/integrations/database/repositories/section.go:39.18,43.3 3 0
github.com/extmatperez/meli_bootcamp_go_w2-2/internal/integrations/database/repositories/section.go:45.2,45.22 1 0
github.com/extmatperez/meli_bootcamp_go_w2-2/internal/integrations/database/repositories/section.go:48.88,52.16 4 0
github.com/extmatperez/meli_bootcamp_go_w2-2/internal/integrations/database/repositories/section.go:52.16,54.3 1 0
github.com/extmatperez/meli_bootcamp_go_w2-2/internal/integrations/database/repositories/section.go:56.2,56.15 1 0
github.com/extmatperez/meli_bootcamp_go_w2-2/internal/integrations/database/repositories/section.go:59.81,63.2 3 0
github.com/extmatperez/meli_bootcamp_go_w2-2/internal/integrations/database/repositories/section.go:65.88,67.16 2 0
github.com/extmatperez/meli_bootcamp_go_w2-2/internal/integrations/database/repositories/section.go:67.16,69.3 1 0
github.com/extmatperez/meli_bootcamp_go_w2-2/internal/integrations/database/repositories/section.go:71.2,72.16 2 0
github.com/extmatperez/meli_bootcamp_go_w2-2/internal/integrations/database/repositories/section.go:72.16,74.3 1 0
github.com/extmatperez/meli_bootcamp_go_w2-2/internal/integrations/database/repositories/section.go:76.2,77.16 2 0
github.com/extmatperez/meli_bootcamp_go_w2-2/internal/integrations/database/repositories/section.go:77.16,79.3 1 0
github.com/extmatperez/meli_bootcamp_go_w2-2/internal/integrations/database/repositories/section.go:81.2,81.21 1 0
github.com/extmatperez/meli_bootcamp_go_w2-2/internal/integrations/database/repositories/section.go:84.83,86.16 2 0
github.com/extmatperez/meli_bootcamp_go_w2-2/internal/integrations/database/repositories/section.go:86.16,88.3 1 0
github.com/extmatperez/meli_bootcamp_go_w2-2/internal/integrations/database/repositories/section.go:90.2,91.16 2 0
github.com/extmatperez/meli_bootcamp_go_w2-2/internal/integrations/database/repositories/section.go:91.16,93.3 1 0
github.com/extmatperez/meli_bootcamp_go_w2-2/internal/integrations/database/repositories/section.go:95.2,96.16 2 0
github.com/extmatperez/meli_bootcamp_go_w2-2/internal/integrations/database/repositories/section.go:96.16,98.3 1 0
github.com/extmatperez/meli_bootcamp_go_w2-2/internal/integrations/database/repositories/section.go:100.2,100.12 1 0
github.com/extmatperez/meli_bootcamp_go_w2-2/internal/integrations/database/repositories/section.go:103.71,105.16 2 0
github.com/extmatperez/meli_bootcamp_go_w2-2/internal/integrations/database/repositories/section.go:105.16,107.3 1 0
github.com/extmatperez/meli_bootcamp_go_w2-2/internal/integrations/database/repositories/section.go:109.2,110.16 2 0
github.com/extmatperez/meli_bootcamp_go_w2-2/internal/integrations/database/repositories/section.go:110.16,112.3 1 0
github.com/extmatperez/meli_bootcamp_go_w2-2/internal/integrations/database/repositories/section.go:114.2,115.16 2 0
github.com/extmatperez/meli_bootcamp_go_w2-2/internal/integrations/database/repositories/section.go:115.16,117.3 1 0
github.com/extmatperez/meli_bootcamp_go_w2-2/internal/integrations/database/repositories/section.go:119.2,119.16 1 0
github.com/extmatperez/meli_bootcamp_go_w2-2/internal/integrations/database/repositories/section.go:119.16,121.3 1 0
github.com/extmatperez/meli_bootcamp_go_w2-2/internal/integrations/database/repositories/section.go:123.2,123.12 1 0
github.com/extmatperez/meli_bootcamp_go_w2-2/internal/integrations/database/repositories/seller.go:25.68,29.2 1 10
github.com/extmatperez/meli_bootcamp_go_w2-2/internal/integrations/database/repositories/seller.go:31.83,35.16 3 2
github.com/extmatperez/meli_bootcamp_go_w2-2/internal/integrations/database/repositories/seller.go:35.16,37.3 1 0
github.com/extmatperez/meli_bootcamp_go_w2-2/internal/integrations/database/repositories/seller.go:39.2,39.18 1 2
github.com/extmatperez/meli_bootcamp_go_w2-2/internal/integrations/database/repositories/seller.go:39.18,42.17 3 2
github.com/extmatperez/meli_bootcamp_go_w2-2/internal/integrations/database/repositories/seller.go:42.17,44.4 1 0
github.com/extmatperez/meli_bootcamp_go_w2-2/internal/integrations/database/repositories/seller.go:45.3,45.31 1 2
github.com/extmatperez/meli_bootcamp_go_w2-2/internal/integrations/database/repositories/seller.go:48.2,49.16 2 2
github.com/extmatperez/meli_bootcamp_go_w2-2/internal/integrations/database/repositories/seller.go:49.16,51.3 1 1
github.com/extmatperez/meli_bootcamp_go_w2-2/internal/integrations/database/repositories/seller.go:53.2,53.28 1 1
github.com/extmatperez/meli_bootcamp_go_w2-2/internal/integrations/database/repositories/seller.go:56.87,60.16 4 2
github.com/extmatperez/meli_bootcamp_go_w2-2/internal/integrations/database/repositories/seller.go:60.16,61.14 1 1
github.com/extmatperez/meli_bootcamp_go_w2-2/internal/integrations/database/repositories/seller.go:62.22,63.36 1 0
github.com/extmatperez/meli_bootcamp_go_w2-2/internal/integrations/database/repositories/seller.go:64.11,65.34 1 1
github.com/extmatperez/meli_bootcamp_go_w2-2/internal/integrations/database/repositories/seller.go:68.2,68.16 1 1
github.com/extmatperez/meli_bootcamp_go_w2-2/internal/integrations/database/repositories/seller.go:71.70,75.2 3 2
github.com/extmatperez/meli_bootcamp_go_w2-2/internal/integrations/database/repositories/seller.go:77.86,79.16 2 1
github.com/extmatperez/meli_bootcamp_go_w2-2/internal/integrations/database/repositories/seller.go:79.16,81.3 1 0
github.com/extmatperez/meli_bootcamp_go_w2-2/internal/integrations/database/repositories/seller.go:83.2,84.16 2 1
github.com/extmatperez/meli_bootcamp_go_w2-2/internal/integrations/database/repositories/seller.go:84.16,86.3 1 0
github.com/extmatperez/meli_bootcamp_go_w2-2/internal/integrations/database/repositories/seller.go:88.2,89.16 2 1
github.com/extmatperez/meli_bootcamp_go_w2-2/internal/integrations/database/repositories/seller.go:89.16,91.3 1 0
github.com/extmatperez/meli_bootcamp_go_w2-2/internal/integrations/database/repositories/seller.go:93.2,93.21 1 1
github.com/extmatperez/meli_bootcamp_go_w2-2/internal/integrations/database/repositories/seller.go:96.81,98.16 2 1
github.com/extmatperez/meli_bootcamp_go_w2-2/internal/integrations/database/repositories/seller.go:98.16,100.3 1 0
github.com/extmatperez/meli_bootcamp_go_w2-2/internal/integrations/database/repositories/seller.go:102.2,103.16 2 1
github.com/extmatperez/meli_bootcamp_go_w2-2/internal/integrations/database/repositories/seller.go:103.16,105.3 1 0
github.com/extmatperez/meli_bootcamp_go_w2-2/internal/integrations/database/repositories/seller.go:107.2,108.16 2 1
github.com/extmatperez/meli_bootcamp_go_w2-2/internal/integrations/database/repositories/seller.go:108.16,110.3 1 0
github.com/extmatperez/meli_bootcamp_go_w2-2/internal/integrations/database/repositories/seller.go:112.2,112.12 1 1
github.com/extmatperez/meli_bootcamp_go_w2-2/internal/integrations/database/repositories/seller.go:115.70,117.16 2 2
github.com/extmatperez/meli_bootcamp_go_w2-2/internal/integrations/database/repositories/seller.go:117.16,119.3 1 0
github.com/extmatperez/meli_bootcamp_go_w2-2/internal/integrations/database/repositories/seller.go:121.2,122.16 2 2
github.com/extmatperez/meli_bootcamp_go_w2-2/internal/integrations/database/repositories/seller.go:122.16,124.3 1 0
github.com/extmatperez/meli_bootcamp_go_w2-2/internal/integrations/database/repositories/seller.go:126.2,127.16 2 2
github.com/extmatperez/meli_bootcamp_go_w2-2/internal/integrations/database/repositories/seller.go:127.16,129.3 1 0
github.com/extmatperez/meli_bootcamp_go_w2-2/internal/integrations/database/repositories/seller.go:131.2,131.16 1 2
github.com/extmatperez/meli_bootcamp_go_w2-2/internal/integrations/database/repositories/seller.go:131.16,133.3 1 1
github.com/extmatperez/meli_bootcamp_go_w2-2/internal/integrations/database/repositories/seller.go:135.2,135.12 1 1
github.com/extmatperez/meli_bootcamp_go_w2-2/internal/integrations/database/repositories/warehouse.go:25.74,29.2 1 0
github.com/extmatperez/meli_bootcamp_go_w2-2/internal/integrations/database/repositories/warehouse.go:31.89,33.16 2 0
github.com/extmatperez/meli_bootcamp_go_w2-2/internal/integrations/database/repositories/warehouse.go:33.16,35.3 1 0
github.com/extmatperez/meli_bootcamp_go_w2-2/internal/integrations/database/repositories/warehouse.go:37.2,39.18 2 0
github.com/extmatperez/meli_bootcamp_go_w2-2/internal/integrations/database/repositories/warehouse.go:39.18,43.3 3 0
github.com/extmatperez/meli_bootcamp_go_w2-2/internal/integrations/database/repositories/warehouse.go:45.2,45.24 1 0
github.com/extmatperez/meli_bootcamp_go_w2-2/internal/integrations/database/repositories/warehouse.go:48.92,52.16 4 0
github.com/extmatperez/meli_bootcamp_go_w2-2/internal/integrations/database/repositories/warehouse.go:52.16,54.3 1 0
github.com/extmatperez/meli_bootcamp_go_w2-2/internal/integrations/database/repositories/warehouse.go:56.2,56.15 1 0
github.com/extmatperez/meli_bootcamp_go_w2-2/internal/integrations/database/repositories/warehouse.go:59.86,63.2 3 0
github.com/extmatperez/meli_bootcamp_go_w2-2/internal/integrations/database/repositories/warehouse.go:65.92,67.16 2 0
github.com/extmatperez/meli_bootcamp_go_w2-2/internal/integrations/database/repositories/warehouse.go:67.16,69.3 1 0
github.com/extmatperez/meli_bootcamp_go_w2-2/internal/integrations/database/repositories/warehouse.go:71.2,72.16 2 0
github.com/extmatperez/meli_bootcamp_go_w2-2/internal/integrations/database/repositories/warehouse.go:72.16,74.3 1 0
github.com/extmatperez/meli_bootcamp_go_w2-2/internal/integrations/database/repositories/warehouse.go:76.2,77.16 2 0
github.com/extmatperez/meli_bootcamp_go_w2-2/internal/integrations/database/repositories/warehouse.go:77.16,79.3 1 0
github.com/extmatperez/meli_bootcamp_go_w2-2/internal/integrations/database/repositories/warehouse.go:81.2,81.21 1 0
github.com/extmatperez/meli_bootcamp_go_w2-2/internal/integrations/database/repositories/warehouse.go:84.87,86.16 2 0
github.com/extmatperez/meli_bootcamp_go_w2-2/internal/integrations/database/repositories/warehouse.go:86.16,88.3 1 0
github.com/extmatperez/meli_bootcamp_go_w2-2/internal/integrations/database/repositories/warehouse.go:90.2,91.16 2 0
github.com/extmatperez/meli_bootcamp_go_w2-2/internal/integrations/database/repositories/warehouse.go:91.16,93.3 1 0
github.com/extmatperez/meli_bootcamp_go_w2-2/internal/integrations/database/repositories/warehouse.go:95.2,96.16 2 0
github.com/extmatperez/meli_bootcamp_go_w2-2/internal/integrations/database/repositories/warehouse.go:96.16,98.3 1 0
github.com/extmatperez/meli_bootcamp_go_w2-2/internal/integrations/database/repositories/warehouse.go:100.2,100.12 1 0
github.com/extmatperez/meli_bootcamp_go_w2-2/internal/integrations/database/repositories/warehouse.go:103.73,105.16 2 0
github.com/extmatperez/meli_bootcamp_go_w2-2/internal/integrations/database/repositories/warehouse.go:105.16,107.3 1 0
github.com/extmatperez/meli_bootcamp_go_w2-2/internal/integrations/database/repositories/warehouse.go:109.2,110.16 2 0
github.com/extmatperez/meli_bootcamp_go_w2-2/internal/integrations/database/repositories/warehouse.go:110.16,112.3 1 0
github.com/extmatperez/meli_bootcamp_go_w2-2/internal/integrations/database/repositories/warehouse.go:114.2,115.16 2 0
github.com/extmatperez/meli_bootcamp_go_w2-2/internal/integrations/database/repositories/warehouse.go:115.16,117.3 1 0
github.com/extmatperez/meli_bootcamp_go_w2-2/internal/integrations/database/repositories/warehouse.go:119.2,119.16 1 0
github.com/extmatperez/meli_bootcamp_go_w2-2/internal/integrations/database/repositories/warehouse.go:119.16,121.3 1 0
github.com/extmatperez/meli_bootcamp_go_w2-2/internal/integrations/database/repositories/warehouse.go:123.2,123.12 1 0
github.com/extmatperez/meli_bootcamp_go_w2-2/internal/application/services/buyer.go:23.76,27.2 1 15
github.com/extmatperez/meli_bootcamp_go_w2-2/internal/application/services/buyer.go:29.89,31.16 2 10
github.com/extmatperez/meli_bootcamp_go_w2-2/internal/application/services/buyer.go:31.16,32.14 1 4
github.com/extmatperez/meli_bootcamp_go_w2-2/internal/application/services/buyer.go:33.22,34.41 1 2
github.com/extmatperez/meli_bootcamp_go_w2-2/internal/application/services/buyer.go:35.11,36.33 1 2
github.com/extmatperez/meli_bootcamp_go_w2-2/internal/application/services/buyer.go:40.2,40.20 1 6
github.com/extmatperez/meli_bootcamp_go_w2-2/internal/application/services/buyer.go:43.86,47.16 3 2
github.com/extmatperez/meli_bootcamp_go_w2-2/internal/application/services/buyer.go:47.16,49.3 1 1
github.com/extmatperez/meli_bootcamp_go_w2-2/internal/application/services/buyer.go:51.2,51.21 1 1
github.com/extmatperez/meli_bootcamp_go_w2-2/internal/application/services/buyer.go:55.132,59.29 3 3
github.com/extmatperez/meli_bootcamp_go_w2-2/internal/application/services/buyer.go:59.29,61.3 1 1
github.com/extmatperez/meli_bootcamp_go_w2-2/internal/application/services/buyer.go:63.2,64.16 2 2
github.com/extmatperez/meli_bootcamp_go_w2-2/internal/application/services/buyer.go:64.16,66.3 1 1
github.com/extmatperez/meli_bootcamp_go_w2-2/internal/application/services/buyer.go:68.2,70.19 2 1
github.com/extmatperez/meli_bootcamp_go_w2-2/internal/application/services/buyer.go:73.140,76.16 2 4
github.com/extmatperez/meli_bootcamp_go_w2-2/internal/application/services/buyer.go:76.16,78.3 1 1
github.com/extmatperez/meli_bootcamp_go_w2-2/internal/application/services/buyer.go:81.2,81.44 1 3
github.com/extmatperez/meli_bootcamp_go_w2-2/internal/application/services/buyer.go:81.44,83.30 2 3
github.com/extmatperez/meli_bootcamp_go_w2-2/internal/application/services/buyer.go:83.30,85.4 1 1
github.com/extmatperez/meli_bootcamp_go_w2-2/internal/application/services/buyer.go:87.3,87.56 1 2
github.com/extmatperez/meli_bootcamp_go_w2-2/internal/application/services/buyer.go:90.2,90.41 1 2
github.com/extmatperez/meli_bootcamp_go_w2-2/internal/application/services/buyer.go:90.41,92.3 1 2
github.com/extmatperez/meli_bootcamp_go_w2-2/internal/application/services/buyer.go:94.2,94.40 1 2
github.com/extmatperez/meli_bootcamp_go_w2-2/internal/application/services/buyer.go:94.40,96.3 1 2
github.com/extmatperez/meli_bootcamp_go_w2-2/internal/application/services/buyer.go:98.2,98.64 1 2
github.com/extmatperez/meli_bootcamp_go_w2-2/internal/application/services/buyer.go:98.64,100.3 1 1
github.com/extmatperez/meli_bootcamp_go_w2-2/internal/application/services/buyer.go:102.2,102.19 1 1
github.com/extmatperez/meli_bootcamp_go_w2-2/internal/application/services/buyer.go:106.73,108.48 1 3
github.com/extmatperez/meli_bootcamp_go_w2-2/internal/application/services/buyer.go:108.48,110.3 1 1
github.com/extmatperez/meli_bootcamp_go_w2-2/internal/application/services/buyer.go:112.2,112.44 1 2
github.com/extmatperez/meli_bootcamp_go_w2-2/internal/application/services/employee.go:21.76,25.2 1 16
github.com/extmatperez/meli_bootcamp_go_w2-2/internal/application/services/employee.go:27.89,29.16 2 2
github.com/extmatperez/meli_bootcamp_go_w2-2/internal/application/services/employee.go:29.16,31.3 1 1
github.com/extmatperez/meli_bootcamp_go_w2-2/internal/application/services/employee.go:32.2,32.24 1 1
github.com/extmatperez/meli_bootcamp_go_w2-2/internal/application/services/employee.go:35.86,39.16 3 2
github.com/extmatperez/meli_bootcamp_go_w2-2/internal/application/services/employee.go:39.16,41.3 1 1
github.com/extmatperez/meli_bootcamp_go_w2-2/internal/application/services/employee.go:42.2,42.24 1 1
github.com/extmatperez/meli_bootcamp_go_w2-2/internal/application/services/employee.go:45.110,49.22 2 3
github.com/extmatperez/meli_bootcamp_go_w2-2/internal/application/services/employee.go:49.22,51.3 1 1
github.com/extmatperez/meli_bootcamp_go_w2-2/internal/application/services/employee.go:53.2,54.16 2 2
github.com/extmatperez/meli_bootcamp_go_w2-2/internal/application/services/employee.go:54.16,56.3 1 1
github.com/extmatperez/meli_bootcamp_go_w2-2/internal/application/services/employee.go:58.2,60.23 2 1
github.com/extmatperez/meli_bootcamp_go_w2-2/internal/application/services/employee.go:63.143,65.16 2 6
github.com/extmatperez/meli_bootcamp_go_w2-2/internal/application/services/employee.go:65.16,67.3 1 3
github.com/extmatperez/meli_bootcamp_go_w2-2/internal/application/services/employee.go:69.2,69.43 1 3
github.com/extmatperez/meli_bootcamp_go_w2-2/internal/application/services/employee.go:69.43,71.97 2 3
github.com/extmatperez/meli_bootcamp_go_w2-2/internal/application/services/employee.go:71.97,73.4 1 1
github.com/extmatperez/meli_bootcamp_go_w2-2/internal/application/services/employee.go:74.3,74.66 1 2
github.com/extmatperez/meli_bootcamp_go_w2-2/internal/application/services/employee.go:77.2,77.40 1 2
github.com/extmatperez/meli_bootcamp_go_w2-2/internal/application/services/employee.go:77.40,79.3 1 2
github.com/extmatperez/meli_bootcamp_go_w2-2/internal/application/services/employee.go:80.2,80.39 1 2
github.com/extmatperez/meli_bootcamp_go_w2-2/internal/application/services/employee.go:80.39,82.3 1 2
github.com/extmatperez/meli_bootcamp_go_w2-2/internal/application/services/employee.go:83.2,83.42 1 2
github.com/extmatperez/meli_bootcamp_go_w2-2/internal/application/services/employee.go:83.42,85.3 1 2
github.com/extmatperez/meli_bootcamp_go_w2-2/internal/application/services/employee.go:87.2,88.16 2 2
github.com/extmatperez/meli_bootcamp_go_w2-2/internal/application/services/employee.go:88.16,90.3 1 1
github.com/extmatperez/meli_bootcamp_go_w2-2/internal/application/services/employee.go:92.2,92.31 1 1
github.com/extmatperez/meli_bootcamp_go_w2-2/internal/application/services/employee.go:95.70,97.16 2 3
github.com/extmatperez/meli_bootcamp_go_w2-2/internal/application/services/employee.go:97.16,99.3 1 1
github.com/extmatperez/meli_bootcamp_go_w2-2/internal/application/services/employee.go:101.2,102.16 2 2
github.com/extmatperez/meli_bootcamp_go_w2-2/internal/application/services/employee.go:102.16,104.3 1 1
github.com/extmatperez/meli_bootcamp_go_w2-2/internal/application/services/employee.go:105.2,105.12 1 1
github.com/extmatperez/meli_bootcamp_go_w2-2/internal/application/services/locality.go:23.76,27.2 1 17
github.com/extmatperez/meli_bootcamp_go_w2-2/internal/application/services/locality.go:29.94,31.16 2 3
github.com/extmatperez/meli_bootcamp_go_w2-2/internal/application/services/locality.go:31.16,33.3 1 2
github.com/extmatperez/meli_bootcamp_go_w2-2/internal/application/services/locality.go:35.2,35.22 1 1
github.com/extmatperez/meli_bootcamp_go_w2-2/internal/application/services/locality.go:38.91,42.16 3 2
github.com/extmatperez/meli_bootcamp_go_w2-2/internal/application/services/locality.go:42.16,44.3 1 1
github.com/extmatperez/meli_bootcamp_go_w2-2/internal/application/services/locality.go:46.2,46.24 1 1
github.com/extmatperez/meli_bootcamp_go_w2-2/internal/application/services/locality.go:49.117,51.22 2 3
github.com/extmatperez/meli_bootcamp_go_w2-2/internal/application/services/locality.go:51.22,53.3 1 1
github.com/extmatperez/meli_bootcamp_go_w2-2/internal/application/services/locality.go:55.2,56.16 2 2
github.com/extmatperez/meli_bootcamp_go_w2-2/internal/application/services/locality.go:56.16,58.3 1 1
github.com/extmatperez/meli_bootcamp_go_w2-2/internal/application/services/locality.go:60.2,62.22 2 1
github.com/extmatperez/meli_bootcamp_go_w2-2/internal/application/services/locality.go:65.150,67.16 2 4
github.com/extmatperez/meli_bootcamp_go_w2-2/internal/application/services/locality.go:67.16,69.3 1 1
github.com/extmatperez/meli_bootcamp_go_w2-2/internal/application/services/locality.go:71.2,72.28 2 3
github.com/extmatperez/meli_bootcamp_go_w2-2/internal/application/services/locality.go:72.28,74.3 1 1
github.com/extmatperez/meli_bootcamp_go_w2-2/internal/application/services/locality.go:76.2,76.46 1 2
github.com/extmatperez/meli_bootcamp_go_w2-2/internal/application/services/locality.go:76.46,78.3 1 2
github.com/extmatperez/meli_bootcamp_go_w2-2/internal/application/services/locality.go:79.2,79.47 1 2
github.com/extmatperez/meli_bootcamp_go_w2-2/internal/application/services/locality.go:79.47,81.3 1 2
github.com/extmatperez/meli_bootcamp_go_w2-2/internal/application/services/locality.go:82.2,82.47 1 2
github.com/extmatperez/meli_bootcamp_go_w2-2/internal/application/services/locality.go:82.47,84.3 1 2
github.com/extmatperez/meli_bootcamp_go_w2-2/internal/application/services/locality.go:86.2,86.81 1 2
github.com/extmatperez/meli_bootcamp_go_w2-2/internal/application/services/locality.go:86.81,88.3 1 1
github.com/extmatperez/meli_bootcamp_go_w2-2/internal/application/services/locality.go:90.2,90.30 1 1
github.com/extmatperez/meli_bootcamp_go_w2-2/internal/application/services/locality.go:93.76,95.16 2 3
github.com/extmatperez/meli_bootcamp_go_w2-2/internal/application/services/locality.go:95.16,97.3 1 1
github.com/extmatperez/meli_bootcamp_go_w2-2/internal/application/services/locality.go:99.2,100.16 2 2
github.com/extmatperez/meli_bootcamp_go_w2-2/internal/application/services/locality.go:100.16,102.3 1 1
github.com/extmatperez/meli_bootcamp_go_w2-2/internal/application/services/locality.go:104.2,104.12 1 1
github.com/extmatperez/meli_bootcamp_go_w2-2/internal/application/services/locality.go:107.89,109.16 2 2
github.com/extmatperez/meli_bootcamp_go_w2-2/internal/application/services/locality.go:109.16,111.3 1 1
github.com/extmatperez/meli_bootcamp_go_w2-2/internal/application/services/locality.go:113.2,113.19 1 1
github.com/extmatperez/meli_bootcamp_go_w2-2/internal/application/services/product.go:24.73,28.2 1 17
github.com/extmatperez/meli_bootcamp_go_w2-2/internal/application/services/product.go:31.110,34.21 2 4
github.com/extmatperez/meli_bootcamp_go_w2-2/internal/application/services/product.go:34.21,36.3 1 1
github.com/extmatperez/meli_bootcamp_go_w2-2/internal/application/services/product.go:38.2,53.16 3 3
github.com/extmatperez/meli_bootcamp_go_w2-2/internal/application/services/product.go:53.16,56.3 1 1
github.com/extmatperez/meli_bootcamp_go_w2-2/internal/application/services/product.go:58.2,59.16 2 2
github.com/extmatperez/meli_bootcamp_go_w2-2/internal/application/services/product.go:59.16,61.3 1 1
github.com/extmatperez/meli_bootcamp_go_w2-2/internal/application/services/product.go:63.2,63.27 1 1
github.com/extmatperez/meli_bootcamp_go_w2-2/internal/application/services/product.go:66.84,68.16 2 2
github.com/extmatperez/meli_bootcamp_go_w2-2/internal/application/services/product.go:68.16,70.3 1 1
github.com/extmatperez/meli_bootcamp_go_w2-2/internal/application/services/product.go:72.2,72.23 1 1
github.com/extmatperez/meli_bootcamp_go_w2-2/internal/application/services/product.go:75.87,77.16 2 3
github.com/extmatperez/meli_bootcamp_go_w2-2/internal/application/services/product.go:77.16,78.14 1 2
github.com/extmatperez/meli_bootcamp_go_w2-2/internal/application/services/product.go:79.22,80.27 1 1
github.com/extmatperez/meli_bootcamp_go_w2-2/internal/application/services/product.go:81.11,82.19 1 1
github.com/extmatperez/meli_bootcamp_go_w2-2/internal/application/services/product.go:86.2,86.22 1 1
github.com/extmatperez/meli_bootcamp_go_w2-2/internal/application/services/product.go:89.69,91.16 2 3
github.com/extmatperez/meli_bootcamp_go_w2-2/internal/application/services/product.go:91.16,92.14 1 2
github.com/extmatperez/meli_bootcamp_go_w2-2/internal/application/services/product.go:93.22,94.22 1 1
github.com/extmatperez/meli_bootcamp_go_w2-2/internal/application/services/product.go:95.11,96.14 1 1
github.com/extmatperez/meli_bootcamp_go_w2-2/internal/application/services/product.go:99.2,99.12 1 1
github.com/extmatperez/meli_bootcamp_go_w2-2/internal/application/services/product.go:103.120,105.16 2 5
github.com/extmatperez/meli_bootcamp_go_w2-2/internal/application/services/product.go:105.16,107.3 1 1
github.com/extmatperez/meli_bootcamp_go_w2-2/internal/application/services/product.go:109.2,109.24 1 4
github.com/extmatperez/meli_bootcamp_go_w2-2/internal/application/services/product.go:109.24,111.3 1 4
github.com/extmatperez/meli_bootcamp_go_w2-2/internal/application/services/product.go:112.2,112.28 1 4
github.com/extmatperez/meli_bootcamp_go_w2-2/internal/application/services/product.go:112.28,114.3 1 4
github.com/extmatperez/meli_bootcamp_go_w2-2/internal/application/services/product.go:115.2,115.26 1 4
github.com/extmatperez/meli_bootcamp_go_w2-2/internal/application/services/product.go:115.26,117.3 1 4
github.com/extmatperez/meli_bootcamp_go_w2-2/internal/application/services/product.go:118.2,118.19 1 4
github.com/extmatperez/meli_bootcamp_go_w2-2/internal/application/services/product.go:118.19,120.3 1 4
github.com/extmatperez/meli_bootcamp_go_w2-2/internal/application/services/product.go:121.2,121.22 1 4
github.com/extmatperez/meli_bootcamp_go_w2-2/internal/application/services/product.go:121.22,123.3 1 4
github.com/extmatperez/meli_bootcamp_go_w2-2/internal/application/services/product.go:124.2,124.25 1 4
github.com/extmatperez/meli_bootcamp_go_w2-2/internal/application/services/product.go:124.25,126.76 2 4
github.com/extmatperez/meli_bootcamp_go_w2-2/internal/application/services/product.go:126.76,128.4 1 1
github.com/extmatperez/meli_bootcamp_go_w2-2/internal/application/services/product.go:129.3,129.46 1 3
github.com/extmatperez/meli_bootcamp_go_w2-2/internal/application/services/product.go:131.2,131.45 1 3
github.com/extmatperez/meli_bootcamp_go_w2-2/internal/application/services/product.go:131.45,133.3 1 3
github.com/extmatperez/meli_bootcamp_go_w2-2/internal/application/services/product.go:134.2,134.18 1 3
github.com/extmatperez/meli_bootcamp_go_w2-2/internal/application/services/product.go:134.18,136.3 1 3
github.com/extmatperez/meli_bootcamp_go_w2-2/internal/application/services/product.go:137.2,137.28 1 3
github.com/extmatperez/meli_bootcamp_go_w2-2/internal/application/services/product.go:137.28,139.3 1 3
github.com/extmatperez/meli_bootcamp_go_w2-2/internal/application/services/product.go:140.2,140.22 1 3
github.com/extmatperez/meli_bootcamp_go_w2-2/internal/application/services/product.go:140.22,142.3 1 3
github.com/extmatperez/meli_bootcamp_go_w2-2/internal/application/services/product.go:144.2,145.17 2 3
github.com/extmatperez/meli_bootcamp_go_w2-2/internal/application/services/product.go:145.17,146.15 1 2
github.com/extmatperez/meli_bootcamp_go_w2-2/internal/application/services/product.go:147.22,148.27 1 1
github.com/extmatperez/meli_bootcamp_go_w2-2/internal/application/services/product.go:149.11,150.20 1 1
github.com/extmatperez/meli_bootcamp_go_w2-2/internal/application/services/product.go:154.2,154.30 1 1
github.com/extmatperez/meli_bootcamp_go_w2-2/internal/application/services/section.go:24.73,28.2 1 0
github.com/extmatperez/meli_bootcamp_go_w2-2/internal/application/services/section.go:31.78,34.21 2 0
github.com/extmatperez/meli_bootcamp_go_w2-2/internal/application/services/section.go:34.21,36.3 1 0
github.com/extmatperez/meli_bootcamp_go_w2-2/internal/application/services/section.go:38.2,50.16 3 0
github.com/extmatperez/meli_bootcamp_go_w2-2/internal/application/services/section.go:50.16,53.3 1 0
github.com/extmatperez/meli_bootcamp_go_w2-2/internal/application/services/section.go:55.2,56.16 2 0
github.com/extmatperez/meli_bootcamp_go_w2-2/internal/application/services/section.go:56.16,58.3 1 0
github.com/extmatperez/meli_bootcamp_go_w2-2/internal/application/services/section.go:60.2,60.27 1 0
github.com/extmatperez/meli_bootcamp_go_w2-2/internal/application/services/section.go:63.84,66.16 3 0
github.com/extmatperez/meli_bootcamp_go_w2-2/internal/application/services/section.go:66.16,68.3 1 0
github.com/extmatperez/meli_bootcamp_go_w2-2/internal/application/services/section.go:70.2,70.23 1 0
github.com/extmatperez/meli_bootcamp_go_w2-2/internal/application/services/section.go:73.87,75.16 2 0
github.com/extmatperez/meli_bootcamp_go_w2-2/internal/application/services/section.go:75.16,76.14 1 0
github.com/extmatperez/meli_bootcamp_go_w2-2/internal/application/services/section.go:77.22,78.27 1 0
github.com/extmatperez/meli_bootcamp_go_w2-2/internal/application/services/section.go:79.11,80.19 1 0
github.com/extmatperez/meli_bootcamp_go_w2-2/internal/application/services/section.go:84.2,84.22 1 0
github.com/extmatperez/meli_bootcamp_go_w2-2/internal/application/services/section.go:87.69,89.16 2 0
github.com/extmatperez/meli_bootcamp_go_w2-2/internal/application/services/section.go:89.16,90.14 1 0
github.com/extmatperez/meli_bootcamp_go_w2-2/internal/application/services/section.go:91.22,92.22 1 0
github.com/extmatperez/meli_bootcamp_go_w2-2/internal/application/services/section.go:93.11,94.14 1 0
github.com/extmatperez/meli_bootcamp_go_w2-2/internal/application/services/section.go:97.2,97.12 1 0
github.com/extmatperez/meli_bootcamp_go_w2-2/internal/application/services/section.go:101.70,103.16 2 0
github.com/extmatperez/meli_bootcamp_go_w2-2/internal/application/services/section.go:103.16,105.3 1 0
github.com/extmatperez/meli_bootcamp_go_w2-2/internal/application/services/section.go:107.2,107.26 1 0
github.com/extmatperez/meli_bootcamp_go_w2-2/internal/application/services/section.go:107.26,109.79 2 0
github.com/extmatperez/meli_bootcamp_go_w2-2/internal/application/services/section.go:109.79,111.4 1 0
github.com/extmatperez/meli_bootcamp_go_w2-2/internal/application/services/section.go:112.3,112.49 1 0
github.com/extmatperez/meli_bootcamp_go_w2-2/internal/application/services/section.go:114.2,114.31 1 0
github.com/extmatperez/meli_bootcamp_go_w2-2/internal/application/services/section.go:114.31,116.3 1 0
github.com/extmatperez/meli_bootcamp_go_w2-2/internal/application/services/section.go:117.2,117.31 1 0
github.com/extmatperez/meli_bootcamp_go_w2-2/internal/application/services/section.go:117.31,119.3 1 0
github.com/extmatperez/meli_bootcamp_go_w2-2/internal/application/services/section.go:120.2,120.28 1 0
github.com/extmatperez/meli_bootcamp_go_w2-2/internal/application/services/section.go:120.28,122.3 1 0
github.com/extmatperez/meli_bootcamp_go_w2-2/internal/application/services/section.go:123.2,123.28 1 0
github.com/extmatperez/meli_bootcamp_go_w2-2/internal/application/services/section.go:123.28,125.3 1 0
github.com/extmatperez/meli_bootcamp_go_w2-2/internal/application/services/section.go:126.2,126.28 1 0
github.com/extmatperez/meli_bootcamp_go_w2-2/internal/application/services/section.go:126.28,128.3 1 0
github.com/extmatperez/meli_bootcamp_go_w2-2/internal/application/services/section.go:129.2,129.24 1 0
github.com/extmatperez/meli_bootcamp_go_w2-2/internal/application/services/section.go:129.24,131.3 1 0
github.com/extmatperez/meli_bootcamp_go_w2-2/internal/application/services/section.go:132.2,132.26 1 0
github.com/extmatperez/meli_bootcamp_go_w2-2/internal/application/services/section.go:132.26,134.3 1 0
github.com/extmatperez/meli_bootcamp_go_w2-2/internal/application/services/section.go:136.2,137.17 2 0
github.com/extmatperez/meli_bootcamp_go_w2-2/internal/application/services/section.go:137.17,138.15 1 0
github.com/extmatperez/meli_bootcamp_go_w2-2/internal/application/services/section.go:139.22,140.27 1 0
github.com/extmatperez/meli_bootcamp_go_w2-2/internal/application/services/section.go:141.11,142.20 1 0
github.com/extmatperez/meli_bootcamp_go_w2-2/internal/application/services/section.go:146.2,146.30 1 0
github.com/extmatperez/meli_bootcamp_go_w2-2/internal/application/services/seller.go:22.70,26.2 1 11
github.com/extmatperez/meli_bootcamp_go_w2-2/internal/application/services/seller.go:28.82,33.16 3 1
github.com/extmatperez/meli_bootcamp_go_w2-2/internal/application/services/seller.go:33.16,35.3 1 0
github.com/extmatperez/meli_bootcamp_go_w2-2/internal/application/services/seller.go:36.2,36.22 1 1
github.com/extmatperez/meli_bootcamp_go_w2-2/internal/application/services/seller.go:39.85,41.16 2 2
github.com/extmatperez/meli_bootcamp_go_w2-2/internal/application/services/seller.go:41.16,43.3 1 1
github.com/extmatperez/meli_bootcamp_go_w2-2/internal/application/services/seller.go:45.2,45.20 1 1
github.com/extmatperez/meli_bootcamp_go_w2-2/internal/application/services/seller.go:48.102,50.20 2 3
github.com/extmatperez/meli_bootcamp_go_w2-2/internal/application/services/seller.go:50.20,52.3 1 1
github.com/extmatperez/meli_bootcamp_go_w2-2/internal/application/services/seller.go:54.2,55.16 2 2
github.com/extmatperez/meli_bootcamp_go_w2-2/internal/application/services/seller.go:55.16,57.3 1 1
github.com/extmatperez/meli_bootcamp_go_w2-2/internal/application/services/seller.go:59.2,61.21 2 1
github.com/extmatperez/meli_bootcamp_go_w2-2/internal/application/services/seller.go:64.138,66.16 2 2
github.com/extmatperez/meli_bootcamp_go_w2-2/internal/application/services/seller.go:66.16,68.3 1 1
github.com/extmatperez/meli_bootcamp_go_w2-2/internal/application/services/seller.go:70.2,70.36 1 1
github.com/extmatperez/meli_bootcamp_go_w2-2/internal/application/services/seller.go:70.36,72.27 2 1
github.com/extmatperez/meli_bootcamp_go_w2-2/internal/application/services/seller.go:72.27,74.4 1 0
github.com/extmatperez/meli_bootcamp_go_w2-2/internal/application/services/seller.go:75.3,75.48 1 1
github.com/extmatperez/meli_bootcamp_go_w2-2/internal/application/services/seller.go:77.2,77.44 1 1
github.com/extmatperez/meli_bootcamp_go_w2-2/internal/application/services/seller.go:77.44,79.3 1 1
github.com/extmatperez/meli_bootcamp_go_w2-2/internal/application/services/seller.go:80.2,80.40 1 1
github.com/extmatperez/meli_bootcamp_go_w2-2/internal/application/services/seller.go:80.40,82.3 1 1
github.com/extmatperez/meli_bootcamp_go_w2-2/internal/application/services/seller.go:83.2,83.42 1 1
github.com/extmatperez/meli_bootcamp_go_w2-2/internal/application/services/seller.go:83.42,85.3 1 1
github.com/extmatperez/meli_bootcamp_go_w2-2/internal/application/services/seller.go:87.2,87.43 1 1
github.com/extmatperez/meli_bootcamp_go_w2-2/internal/application/services/seller.go:87.43,89.3 1 1
github.com/extmatperez/meli_bootcamp_go_w2-2/internal/application/services/seller.go:91.2,92.17 2 1
github.com/extmatperez/meli_bootcamp_go_w2-2/internal/application/services/seller.go:92.17,94.3 1 0
github.com/extmatperez/meli_bootcamp_go_w2-2/internal/application/services/seller.go:96.2,96.28 1 1
github.com/extmatperez/meli_bootcamp_go_w2-2/internal/application/services/seller.go:99.68,101.16 2 3
github.com/extmatperez/meli_bootcamp_go_w2-2/internal/application/services/seller.go:101.16,103.3 1 1
github.com/extmatperez/meli_bootcamp_go_w2-2/internal/application/services/seller.go:105.2,106.16 2 2
github.com/extmatperez/meli_bootcamp_go_w2-2/internal/application/services/seller.go:106.16,108.3 1 1
github.com/extmatperez/meli_bootcamp_go_w2-2/internal/application/services/seller.go:110.2,110.12 1 1
github.com/extmatperez/meli_bootcamp_go_w2-2/internal/application/services/warehouse.go:22.79,24.2 1 13
github.com/extmatperez/meli_bootcamp_go_w2-2/internal/application/services/warehouse.go:26.114,29.12 2 3
github.com/extmatperez/meli_bootcamp_go_w2-2/internal/application/services/warehouse.go:29.12,31.3 1 1
github.com/extmatperez/meli_bootcamp_go_w2-2/internal/application/services/warehouse.go:33.2,44.16 3 2
github.com/extmatperez/meli_bootcamp_go_w2-2/internal/application/services/warehouse.go:44.16,46.3 1 1
github.com/extmatperez/meli_bootcamp_go_w2-2/internal/application/services/warehouse.go:48.2,50.24 2 1
github.com/extmatperez/meli_bootcamp_go_w2-2/internal/application/services/warehouse.go:53.86,56.16 2 2
github.com/extmatperez/meli_bootcamp_go_w2-2/internal/application/services/warehouse.go:56.16,58.3 1 1
github.com/extmatperez/meli_bootcamp_go_w2-2/internal/application/services/warehouse.go:60.2,60.25 1 1
github.com/extmatperez/meli_bootcamp_go_w2-2/internal/application/services/warehouse.go:63.92,65.16 2 6
github.com/extmatperez/meli_bootcamp_go_w2-2/internal/application/services/warehouse.go:65.16,67.3 1 4
github.com/extmatperez/meli_bootcamp_go_w2-2/internal/application/services/warehouse.go:69.2,69.21 1 2
github.com/extmatperez/meli_bootcamp_go_w2-2/internal/application/services/warehouse.go:72.122,75.15 2 4
github.com/extmatperez/meli_bootcamp_go_w2-2/internal/application/services/warehouse.go:75.15,77.3 1 3
github.com/extmatperez/meli_bootcamp_go_w2-2/internal/application/services/warehouse.go:79.2,81.12 2 1
github.com/extmatperez/meli_bootcamp_go_w2-2/internal/application/services/warehouse.go:81.12,82.54 1 0
github.com/extmatperez/meli_bootcamp_go_w2-2/internal/application/services/warehouse.go:82.54,84.4 1 0
github.com/extmatperez/meli_bootcamp_go_w2-2/internal/application/services/warehouse.go:87.2,91.16 3 1
github.com/extmatperez/meli_bootcamp_go_w2-2/internal/application/services/warehouse.go:91.16,93.3 1 0
github.com/extmatperez/meli_bootcamp_go_w2-2/internal/application/services/warehouse.go:95.2,95.26 1 1
github.com/extmatperez/meli_bootcamp_go_w2-2/internal/application/services/warehouse.go:98.69,101.19 2 2
github.com/extmatperez/meli_bootcamp_go_w2-2/internal/application/services/warehouse.go:101.19,103.3 1 1
github.com/extmatperez/meli_bootcamp_go_w2-2/internal/application/services/warehouse.go:105.2,105.12 1 1
github.com/extmatperez/meli_bootcamp_go_w2-2/internal/application/services/warehouse.go:108.105,109.23 1 1
github.com/extmatperez/meli_bootcamp_go_w2-2/internal/application/services/warehouse.go:109.23,111.3 1 1
github.com/extmatperez/meli_bootcamp_go_w2-2/internal/application/services/warehouse.go:112.2,112.25 1 1
github.com/extmatperez/meli_bootcamp_go_w2-2/internal/application/services/warehouse.go:112.25,114.3 1 1
github.com/extmatperez/meli_bootcamp_go_w2-2/internal/application/services/warehouse.go:115.2,115.29 1 1
github.com/extmatperez/meli_bootcamp_go_w2-2/internal/application/services/warehouse.go:115.29,117.3 1 1
github.com/extmatperez/meli_bootcamp_go_w2-2/internal/application/services/warehouse.go:118.2,118.30 1 1
github.com/extmatperez/meli_bootcamp_go_w2-2/internal/application/services/warehouse.go:118.30,120.3 1 1
github.com/extmatperez/meli_bootcamp_go_w2-2/internal/application/services/warehouse.go:121.2,121.33 1 1
github.com/extmatperez/meli_bootcamp_go_w2-2/internal/application/services/warehouse.go:121.33,123.3 1 1
github.com/extmatperez/meli_bootcamp_go_w2-2/internal/application/services/warehouse.go:125.2,125.22 1 1
github.com/extmatperez/meli_bootcamp_go_w2-2/internal/integrations/http/handlers/buyer.go:19.72,23.2 1 20
github.com/extmatperez/meli_bootcamp_go_w2-2/internal/integrations/http/handlers/buyer.go:37.52,38.30 1 4
github.com/extmatperez/meli_bootcamp_go_w2-2/internal/integrations/http/handlers/buyer.go:38.30,41.17 2 4
github.com/extmatperez/meli_bootcamp_go_w2-2/internal/integrations/http/handlers/buyer.go:41.17,44.4 2 1
github.com/extmatperez/meli_bootcamp_go_w2-2/internal/integrations/http/handlers/buyer.go:46.3,48.75 2 3
github.com/extmatperez/meli_bootcamp_go_w2-2/internal/integrations/http/handlers/buyer.go:48.75,49.15 1 2
github.com/extmatperez/meli_bootcamp_go_w2-2/internal/integrations/http/handlers/buyer.go:50.30,51.57 1 1
github.com/extmatperez/meli_bootcamp_go_w2-2/internal/integrations/http/handlers/buyer.go:52.12,53.68 1 1
github.com/extmatperez/meli_bootcamp_go_w2-2/internal/integrations/http/handlers/buyer.go:55.4,55.10 1 2
github.com/extmatperez/meli_bootcamp_go_w2-2/internal/integrations/http/handlers/buyer.go:56.9,59.4 2 1
github.com/extmatperez/meli_bootcamp_go_w2-2/internal/integrations/http/handlers/buyer.go:74.55,75.30 1 3
github.com/extmatperez/meli_bootcamp_go_w2-2/internal/integrations/http/handlers/buyer.go:75.30,78.67 2 3
github.com/extmatperez/meli_bootcamp_go_w2-2/internal/integrations/http/handlers/buyer.go:78.67,81.4 2 1
github.com/extmatperez/meli_bootcamp_go_w2-2/internal/integrations/http/handlers/buyer.go:81.9,82.25 1 2
github.com/extmatperez/meli_bootcamp_go_w2-2/internal/integrations/http/handlers/buyer.go:82.25,85.5 2 1
github.com/extmatperez/meli_bootcamp_go_w2-2/internal/integrations/http/handlers/buyer.go:86.4,87.10 2 1
github.com/extmatperez/meli_bootcamp_go_w2-2/internal/integrations/http/handlers/buyer.go:104.55,105.30 1 4
github.com/extmatperez/meli_bootcamp_go_w2-2/internal/integrations/http/handlers/buyer.go:105.30,108.62 2 4
github.com/extmatperez/meli_bootcamp_go_w2-2/internal/integrations/http/handlers/buyer.go:108.62,111.4 2 1
github.com/extmatperez/meli_bootcamp_go_w2-2/internal/integrations/http/handlers/buyer.go:113.3,114.93 2 3
github.com/extmatperez/meli_bootcamp_go_w2-2/internal/integrations/http/handlers/buyer.go:114.93,115.15 1 2
github.com/extmatperez/meli_bootcamp_go_w2-2/internal/integrations/http/handlers/buyer.go:116.30,118.11 2 1
github.com/extmatperez/meli_bootcamp_go_w2-2/internal/integrations/http/handlers/buyer.go:119.12,121.11 2 1
github.com/extmatperez/meli_bootcamp_go_w2-2/internal/integrations/http/handlers/buyer.go:123.9,126.4 2 1
github.com/extmatperez/meli_bootcamp_go_w2-2/internal/integrations/http/handlers/buyer.go:144.55,145.30 1 5
github.com/extmatperez/meli_bootcamp_go_w2-2/internal/integrations/http/handlers/buyer.go:145.30,148.17 2 5
github.com/extmatperez/meli_bootcamp_go_w2-2/internal/integrations/http/handlers/buyer.go:148.17,151.4 2 1
github.com/extmatperez/meli_bootcamp_go_w2-2/internal/integrations/http/handlers/buyer.go:153.3,154.58 2 4
github.com/extmatperez/meli_bootcamp_go_w2-2/internal/integrations/http/handlers/buyer.go:154.58,157.4 2 0
github.com/extmatperez/meli_bootcamp_go_w2-2/internal/integrations/http/handlers/buyer.go:159.3,160.97 2 4
github.com/extmatperez/meli_bootcamp_go_w2-2/internal/integrations/http/handlers/buyer.go:160.97,161.15 1 3
github.com/extmatperez/meli_bootcamp_go_w2-2/internal/integrations/http/handlers/buyer.go:162.30,163.57 1 1
github.com/extmatperez/meli_bootcamp_go_w2-2/internal/integrations/http/handlers/buyer.go:164.30,165.57 1 1
github.com/extmatperez/meli_bootcamp_go_w2-2/internal/integrations/http/handlers/buyer.go:166.12,167.68 1 1
github.com/extmatperez/meli_bootcamp_go_w2-2/internal/integrations/http/handlers/buyer.go:169.4,169.10 1 3
github.com/extmatperez/meli_bootcamp_go_w2-2/internal/integrations/http/handlers/buyer.go:170.9,173.4 2 1
github.com/extmatperez/meli_bootcamp_go_w2-2/internal/integrations/http/handlers/buyer.go:190.55,191.30 1 4
github.com/extmatperez/meli_bootcamp_go_w2-2/internal/integrations/http/handlers/buyer.go:191.30,194.17 2 4
github.com/extmatperez/meli_bootcamp_go_w2-2/internal/integrations/http/handlers/buyer.go:194.17,197.4 2 1
github.com/extmatperez/meli_bootcamp_go_w2-2/internal/integrations/http/handlers/buyer.go:199.3,200.63 2 3
github.com/extmatperez/meli_bootcamp_go_w2-2/internal/integrations/http/handlers/buyer.go:200.63,201.15 1 2
github.com/extmatperez/meli_bootcamp_go_w2-2/internal/integrations/http/handlers/buyer.go:202.30,203.57 1 1
github.com/extmatperez/meli_bootcamp_go_w2-2/internal/integrations/http/handlers/buyer.go:204.12,205.68 1 1
github.com/extmatperez/meli_bootcamp_go_w2-2/internal/integrations/http/handlers/buyer.go:207.4,207.10 1 2
github.com/extmatperez/meli_bootcamp_go_w2-2/internal/integrations/http/handlers/buyer.go:208.9,211.4 2 1
github.com/extmatperez/meli_bootcamp_go_w2-2/internal/integrations/http/handlers/buyer.go:215.55,220.16 3 31
github.com/extmatperez/meli_bootcamp_go_w2-2/internal/integrations/http/handlers/buyer.go:220.16,223.3 2 6
github.com/extmatperez/meli_bootcamp_go_w2-2/internal/integrations/http/handlers/buyer.go:225.2,225.8 1 25
github.com/extmatperez/meli_bootcamp_go_w2-2/internal/integrations/http/handlers/employee.go:18.70,22.2 1 23
github.com/extmatperez/meli_bootcamp_go_w2-2/internal/integrations/http/handlers/employee.go:35.55,36.30 1 4
github.com/extmatperez/meli_bootcamp_go_w2-2/internal/integrations/http/handlers/employee.go:36.30,38.17 2 4
github.com/extmatperez/meli_bootcamp_go_w2-2/internal/integrations/http/handlers/employee.go:38.17,41.4 2 1
github.com/extmatperez/meli_bootcamp_go_w2-2/internal/integrations/http/handlers/employee.go:43.3,46.17 3 3
github.com/extmatperez/meli_bootcamp_go_w2-2/internal/integrations/http/handlers/employee.go:46.17,47.44 1 2
github.com/extmatperez/meli_bootcamp_go_w2-2/internal/integrations/http/handlers/employee.go:47.44,50.5 2 1
github.com/extmatperez/meli_bootcamp_go_w2-2/internal/integrations/http/handlers/employee.go:51.4,52.10 2 1
github.com/extmatperez/meli_bootcamp_go_w2-2/internal/integrations/http/handlers/employee.go:55.3,55.49 1 1
github.com/extmatperez/meli_bootcamp_go_w2-2/internal/integrations/http/handlers/employee.go:69.58,70.30 1 3
github.com/extmatperez/meli_bootcamp_go_w2-2/internal/integrations/http/handlers/employee.go:70.30,74.17 3 3
github.com/extmatperez/meli_bootcamp_go_w2-2/internal/integrations/http/handlers/employee.go:74.17,77.4 2 1
github.com/extmatperez/meli_bootcamp_go_w2-2/internal/integrations/http/handlers/employee.go:79.3,79.26 1 2
github.com/extmatperez/meli_bootcamp_go_w2-2/internal/integrations/http/handlers/employee.go:79.26,82.4 2 1
github.com/extmatperez/meli_bootcamp_go_w2-2/internal/integrations/http/handlers/employee.go:84.3,84.49 1 1
github.com/extmatperez/meli_bootcamp_go_w2-2/internal/integrations/http/handlers/employee.go:99.56,100.30 1 9
github.com/extmatperez/meli_bootcamp_go_w2-2/internal/integrations/http/handlers/employee.go:100.30,103.59 2 9
github.com/extmatperez/meli_bootcamp_go_w2-2/internal/integrations/http/handlers/employee.go:103.59,106.4 2 1
github.com/extmatperez/meli_bootcamp_go_w2-2/internal/integrations/http/handlers/employee.go:108.3,115.40 2 8
github.com/extmatperez/meli_bootcamp_go_w2-2/internal/integrations/http/handlers/employee.go:115.40,118.4 2 1
github.com/extmatperez/meli_bootcamp_go_w2-2/internal/integrations/http/handlers/employee.go:120.3,120.37 1 7
github.com/extmatperez/meli_bootcamp_go_w2-2/internal/integrations/http/handlers/employee.go:120.37,122.4 1 1
github.com/extmatperez/meli_bootcamp_go_w2-2/internal/integrations/http/handlers/employee.go:124.3,124.36 1 7
github.com/extmatperez/meli_bootcamp_go_w2-2/internal/integrations/http/handlers/employee.go:124.36,126.4 1 1
github.com/extmatperez/meli_bootcamp_go_w2-2/internal/integrations/http/handlers/employee.go:128.3,128.38 1 7
github.com/extmatperez/meli_bootcamp_go_w2-2/internal/integrations/http/handlers/employee.go:128.38,130.4 1 1
github.com/extmatperez/meli_bootcamp_go_w2-2/internal/integrations/http/handlers/employee.go:132.3,134.17 3 7
github.com/extmatperez/meli_bootcamp_go_w2-2/internal/integrations/http/handlers/employee.go:134.17,135.15 1 2
github.com/extmatperez/meli_bootcamp_go_w2-2/internal/integrations/http/handlers/employee.go:136.30,138.11 2 1
github.com/extmatperez/meli_bootcamp_go_w2-2/internal/integrations/http/handlers/employee.go:139.12,141.11 2 1
github.com/extmatperez/meli_bootcamp_go_w2-2/internal/integrations/http/handlers/employee.go:146.3,146.60 1 1
github.com/extmatperez/meli_bootcamp_go_w2-2/internal/integrations/http/handlers/employee.go:162.58,163.30 1 4
github.com/extmatperez/meli_bootcamp_go_w2-2/internal/integrations/http/handlers/employee.go:163.30,165.17 2 4
github.com/extmatperez/meli_bootcamp_go_w2-2/internal/integrations/http/handlers/employee.go:165.17,168.4 2 1
github.com/extmatperez/meli_bootcamp_go_w2-2/internal/integrations/http/handlers/employee.go:170.3,172.62 2 3
github.com/extmatperez/meli_bootcamp_go_w2-2/internal/integrations/http/handlers/employee.go:172.62,175.4 2 1
github.com/extmatperez/meli_bootcamp_go_w2-2/internal/integrations/http/handlers/employee.go:177.3,179.17 3 2
github.com/extmatperez/meli_bootcamp_go_w2-2/internal/integrations/http/handlers/employee.go:179.17,182.4 2 1
github.com/extmatperez/meli_bootcamp_go_w2-2/internal/integrations/http/handlers/employee.go:184.3,184.54 1 1
github.com/extmatperez/meli_bootcamp_go_w2-2/internal/integrations/http/handlers/employee.go:199.58,200.30 1 3
github.com/extmatperez/meli_bootcamp_go_w2-2/internal/integrations/http/handlers/employee.go:200.30,202.17 2 3
github.com/extmatperez/meli_bootcamp_go_w2-2/internal/integrations/http/handlers/employee.go:202.17,205.4 2 1
github.com/extmatperez/meli_bootcamp_go_w2-2/internal/integrations/http/handlers/employee.go:206.3,208.17 3 2
github.com/extmatperez/meli_bootcamp_go_w2-2/internal/integrations/http/handlers/employee.go:208.17,211.4 2 1
github.com/extmatperez/meli_bootcamp_go_w2-2/internal/integrations/http/handlers/employee.go:213.3,213.50 1 1
github.com/extmatperez/meli_bootcamp_go_w2-2/internal/integrations/http/handlers/locality.go:16.84,20.2 1 25
github.com/extmatperez/meli_bootcamp_go_w2-2/internal/integrations/http/handlers/locality.go:34.55,35.30 1 4
github.com/extmatperez/meli_bootcamp_go_w2-2/internal/integrations/http/handlers/locality.go:35.30,38.17 2 4
github.com/extmatperez/meli_bootcamp_go_w2-2/internal/integrations/http/handlers/locality.go:38.17,41.4 2 1
github.com/extmatperez/meli_bootcamp_go_w2-2/internal/integrations/http/handlers/locality.go:43.3,44.73 2 3
github.com/extmatperez/meli_bootcamp_go_w2-2/internal/integrations/http/handlers/locality.go:44.73,45.15 1 2
github.com/extmatperez/meli_bootcamp_go_w2-2/internal/integrations/http/handlers/locality.go:46.30,47.57 1 1
github.com/extmatperez/meli_bootcamp_go_w2-2/internal/integrations/http/handlers/locality.go:48.12,49.68 1 1
github.com/extmatperez/meli_bootcamp_go_w2-2/internal/integrations/http/handlers/locality.go:51.4,51.10 1 2
github.com/extmatperez/meli_bootcamp_go_w2-2/internal/integrations/http/handlers/locality.go:52.9,55.4 2 1
github.com/extmatperez/meli_bootcamp_go_w2-2/internal/integrations/http/handlers/locality.go:70.58,71.30 1 3
github.com/extmatperez/meli_bootcamp_go_w2-2/internal/integrations/http/handlers/locality.go:71.30,74.74 2 3
github.com/extmatperez/meli_bootcamp_go_w2-2/internal/integrations/http/handlers/locality.go:74.74,77.4 2 1
github.com/extmatperez/meli_bootcamp_go_w2-2/internal/integrations/http/handlers/locality.go:77.9,78.28 1 2
github.com/extmatperez/meli_bootcamp_go_w2-2/internal/integrations/http/handlers/locality.go:78.28,81.5 2 1
github.com/extmatperez/meli_bootcamp_go_w2-2/internal/integrations/http/handlers/locality.go:82.4,83.10 2 1
github.com/extmatperez/meli_bootcamp_go_w2-2/internal/integrations/http/handlers/locality.go:100.58,101.30 1 4
github.com/extmatperez/meli_bootcamp_go_w2-2/internal/integrations/http/handlers/locality.go:101.30,104.66 2 4
github.com/extmatperez/meli_bootcamp_go_w2-2/internal/integrations/http/handlers/locality.go:104.66,107.4 2 1
github.com/extmatperez/meli_bootcamp_go_w2-2/internal/integrations/http/handlers/locality.go:109.3,110.102 2 3
github.com/extmatperez/meli_bootcamp_go_w2-2/internal/integrations/http/handlers/locality.go:110.102,111.15 1 2
github.com/extmatperez/meli_bootcamp_go_w2-2/internal/integrations/http/handlers/locality.go:112.30,114.11 2 1
github.com/extmatperez/meli_bootcamp_go_w2-2/internal/integrations/http/handlers/locality.go:115.12,117.11 2 1
github.com/extmatperez/meli_bootcamp_go_w2-2/internal/integrations/http/handlers/locality.go:119.9,122.4 2 1
github.com/extmatperez/meli_bootcamp_go_w2-2/internal/integrations/http/handlers/locality.go:140.58,141.30 1 6
github.com/extmatperez/meli_bootcamp_go_w2-2/internal/integrations/http/handlers/locality.go:141.30,144.17 2 6
github.com/extmatperez/meli_bootcamp_go_w2-2/internal/integrations/http/handlers/locality.go:144.17,147.4 2 1
github.com/extmatperez/meli_bootcamp_go_w2-2/internal/integrations/http/handlers/locality.go:149.3,150.66 2 5
github.com/extmatperez/meli_bootcamp_go_w2-2/internal/integrations/http/handlers/locality.go:150.66,153.4 2 1
github.com/extmatperez/meli_bootcamp_go_w2-2/internal/integrations/http/handlers/locality.go:155.3,156.106 2 4
github.com/extmatperez/meli_bootcamp_go_w2-2/internal/integrations/http/handlers/locality.go:156.106,157.15 1 3
github.com/extmatperez/meli_bootcamp_go_w2-2/internal/integrations/http/handlers/locality.go:158.30,159.57 1 1
github.com/extmatperez/meli_bootcamp_go_w2-2/internal/integrations/http/handlers/locality.go:160.30,161.57 1 1
github.com/extmatperez/meli_bootcamp_go_w2-2/internal/integrations/http/handlers/locality.go:162.12,163.68 1 1
github.com/extmatperez/meli_bootcamp_go_w2-2/internal/integrations/http/handlers/locality.go:165.4,165.10 1 3
github.com/extmatperez/meli_bootcamp_go_w2-2/internal/integrations/http/handlers/locality.go:166.9,169.4 2 1
github.com/extmatperez/meli_bootcamp_go_w2-2/internal/integrations/http/handlers/locality.go:186.58,187.30 1 4
github.com/extmatperez/meli_bootcamp_go_w2-2/internal/integrations/http/handlers/locality.go:187.30,190.17 2 4
github.com/extmatperez/meli_bootcamp_go_w2-2/internal/integrations/http/handlers/locality.go:190.17,193.4 2 1
github.com/extmatperez/meli_bootcamp_go_w2-2/internal/integrations/http/handlers/locality.go:195.3,196.66 2 3
github.com/extmatperez/meli_bootcamp_go_w2-2/internal/integrations/http/handlers/locality.go:196.66,197.15 1 2
github.com/extmatperez/meli_bootcamp_go_w2-2/internal/integrations/http/handlers/locality.go:198.30,199.57 1 1
github.com/extmatperez/meli_bootcamp_go_w2-2/internal/integrations/http/handlers/locality.go:200.12,201.68 1 1
github.com/extmatperez/meli_bootcamp_go_w2-2/internal/integrations/http/handlers/locality.go:203.4,203.10 1 2
github.com/extmatperez/meli_bootcamp_go_w2-2/internal/integrations/http/handlers/locality.go:204.9,207.4 2 1
github.com/extmatperez/meli_bootcamp_go_w2-2/internal/integrations/http/handlers/locality.go:225.64,226.30 1 4
github.com/extmatperez/meli_bootcamp_go_w2-2/internal/integrations/http/handlers/locality.go:226.30,228.17 2 4
github.com/extmatperez/meli_bootcamp_go_w2-2/internal/integrations/http/handlers/locality.go:228.17,231.4 2 0
github.com/extmatperez/meli_bootcamp_go_w2-2/internal/integrations/http/handlers/locality.go:233.3,236.17 3 4
github.com/extmatperez/meli_bootcamp_go_w2-2/internal/integrations/http/handlers/locality.go:236.17,237.15 1 2
github.com/extmatperez/meli_bootcamp_go_w2-2/internal/integrations/http/handlers/locality.go:238.30,239.57 1 1
github.com/extmatperez/meli_bootcamp_go_w2-2/internal/integrations/http/handlers/locality.go:240.12,241.68 1 1
github.com/extmatperez/meli_bootcamp_go_w2-2/internal/integrations/http/handlers/locality.go:243.4,243.10 1 2
github.com/extmatperez/meli_bootcamp_go_w2-2/internal/integrations/http/handlers/locality.go:246.3,247.17 2 2
github.com/extmatperez/meli_bootcamp_go_w2-2/internal/integrations/http/handlers/locality.go:247.17,250.4 2 1
github.com/extmatperez/meli_bootcamp_go_w2-2/internal/integrations/http/handlers/locality.go:252.3,259.9 3 1
github.com/extmatperez/meli_bootcamp_go_w2-2/internal/integrations/http/handlers/product.go:45.67,49.2 1 30
github.com/extmatperez/meli_bootcamp_go_w2-2/internal/integrations/http/handlers/product.go:61.57,62.30 1 3
github.com/extmatperez/meli_bootcamp_go_w2-2/internal/integrations/http/handlers/product.go:62.30,65.17 3 3
github.com/extmatperez/meli_bootcamp_go_w2-2/internal/integrations/http/handlers/product.go:65.17,68.4 2 1
github.com/extmatperez/meli_bootcamp_go_w2-2/internal/integrations/http/handlers/product.go:69.3,69.26 1 2
github.com/extmatperez/meli_bootcamp_go_w2-2/internal/integrations/http/handlers/product.go:69.26,71.4 1 1
github.com/extmatperez/meli_bootcamp_go_w2-2/internal/integrations/http/handlers/product.go:72.3,72.48 1 2
github.com/extmatperez/meli_bootcamp_go_w2-2/internal/integrations/http/handlers/product.go:87.54,88.30 1 4
github.com/extmatperez/meli_bootcamp_go_w2-2/internal/integrations/http/handlers/product.go:88.30,90.17 2 4
github.com/extmatperez/meli_bootcamp_go_w2-2/internal/integrations/http/handlers/product.go:90.17,93.4 2 1
github.com/extmatperez/meli_bootcamp_go_w2-2/internal/integrations/http/handlers/product.go:94.3,96.17 3 3
github.com/extmatperez/meli_bootcamp_go_w2-2/internal/integrations/http/handlers/product.go:96.17,97.15 1 2
github.com/extmatperez/meli_bootcamp_go_w2-2/internal/integrations/http/handlers/product.go:98.30,99.57 1 1
github.com/extmatperez/meli_bootcamp_go_w2-2/internal/integrations/http/handlers/product.go:100.12,101.109 1 1
github.com/extmatperez/meli_bootcamp_go_w2-2/internal/integrations/http/handlers/product.go:103.4,103.10 1 2
github.com/extmatperez/meli_bootcamp_go_w2-2/internal/integrations/http/handlers/product.go:105.3,105.55 1 1
github.com/extmatperez/meli_bootcamp_go_w2-2/internal/integrations/http/handlers/product.go:120.57,121.30 1 14
github.com/extmatperez/meli_bootcamp_go_w2-2/internal/integrations/http/handlers/product.go:121.30,123.48 2 14
github.com/extmatperez/meli_bootcamp_go_w2-2/internal/integrations/http/handlers/product.go:123.48,126.4 2 0
github.com/extmatperez/meli_bootcamp_go_w2-2/internal/integrations/http/handlers/product.go:128.3,128.28 1 14
github.com/extmatperez/meli_bootcamp_go_w2-2/internal/integrations/http/handlers/product.go:128.28,131.4 2 1
github.com/extmatperez/meli_bootcamp_go_w2-2/internal/integrations/http/handlers/product.go:133.3,133.30 1 13
github.com/extmatperez/meli_bootcamp_go_w2-2/internal/integrations/http/handlers/product.go:133.30,136.4 2 1
github.com/extmatperez/meli_bootcamp_go_w2-2/internal/integrations/http/handlers/product.go:138.3,138.28 1 12
github.com/extmatperez/meli_bootcamp_go_w2-2/internal/integrations/http/handlers/product.go:138.28,141.4 2 1
github.com/extmatperez/meli_bootcamp_go_w2-2/internal/integrations/http/handlers/product.go:143.3,143.22 1 11
github.com/extmatperez/meli_bootcamp_go_w2-2/internal/integrations/http/handlers/product.go:143.22,146.4 2 1
github.com/extmatperez/meli_bootcamp_go_w2-2/internal/integrations/http/handlers/product.go:148.3,148.22 1 10
github.com/extmatperez/meli_bootcamp_go_w2-2/internal/integrations/http/handlers/product.go:148.22,151.4 2 1
github.com/extmatperez/meli_bootcamp_go_w2-2/internal/integrations/http/handlers/product.go:153.3,153.25 1 9
github.com/extmatperez/meli_bootcamp_go_w2-2/internal/integrations/http/handlers/product.go:153.25,156.4 2 1
github.com/extmatperez/meli_bootcamp_go_w2-2/internal/integrations/http/handlers/product.go:158.3,158.28 1 8
github.com/extmatperez/meli_bootcamp_go_w2-2/internal/integrations/http/handlers/product.go:158.28,161.4 2 1
github.com/extmatperez/meli_bootcamp_go_w2-2/internal/integrations/http/handlers/product.go:163.3,163.30 1 7
github.com/extmatperez/meli_bootcamp_go_w2-2/internal/integrations/http/handlers/product.go:163.30,166.4 2 1
github.com/extmatperez/meli_bootcamp_go_w2-2/internal/integrations/http/handlers/product.go:168.3,168.21 1 6
github.com/extmatperez/meli_bootcamp_go_w2-2/internal/integrations/http/handlers/product.go:168.21,171.4 2 1
github.com/extmatperez/meli_bootcamp_go_w2-2/internal/integrations/http/handlers/product.go:173.3,173.29 1 5
github.com/extmatperez/meli_bootcamp_go_w2-2/internal/integrations/http/handlers/product.go:173.29,176.4 2 1
github.com/extmatperez/meli_bootcamp_go_w2-2/internal/integrations/http/handlers/product.go:178.3,178.24 1 4
github.com/extmatperez/meli_bootcamp_go_w2-2/internal/integrations/http/handlers/product.go:178.24,181.4 2 1
github.com/extmatperez/meli_bootcamp_go_w2-2/internal/integrations/http/handlers/product.go:182.3,185.17 3 3
github.com/extmatperez/meli_bootcamp_go_w2-2/internal/integrations/http/handlers/product.go:185.17,186.15 1 2
github.com/extmatperez/meli_bootcamp_go_w2-2/internal/integrations/http/handlers/product.go:187.30,188.57 1 1
github.com/extmatperez/meli_bootcamp_go_w2-2/internal/integrations/http/handlers/product.go:189.12,190.108 1 1
github.com/extmatperez/meli_bootcamp_go_w2-2/internal/integrations/http/handlers/product.go:192.4,192.10 1 2
github.com/extmatperez/meli_bootcamp_go_w2-2/internal/integrations/http/handlers/product.go:194.3,194.60 1 1
github.com/extmatperez/meli_bootcamp_go_w2-2/internal/integrations/http/handlers/product.go:210.57,211.30 1 5
github.com/extmatperez/meli_bootcamp_go_w2-2/internal/integrations/http/handlers/product.go:211.30,213.17 2 5
github.com/extmatperez/meli_bootcamp_go_w2-2/internal/integrations/http/handlers/product.go:213.17,216.4 2 1
github.com/extmatperez/meli_bootcamp_go_w2-2/internal/integrations/http/handlers/product.go:217.3,218.38 2 4
github.com/extmatperez/meli_bootcamp_go_w2-2/internal/integrations/http/handlers/product.go:218.38,221.4 2 0
github.com/extmatperez/meli_bootcamp_go_w2-2/internal/integrations/http/handlers/product.go:222.3,225.17 3 4
github.com/extmatperez/meli_bootcamp_go_w2-2/internal/integrations/http/handlers/product.go:225.17,226.15 1 3
github.com/extmatperez/meli_bootcamp_go_w2-2/internal/integrations/http/handlers/product.go:227.30,228.57 1 1
github.com/extmatperez/meli_bootcamp_go_w2-2/internal/integrations/http/handlers/product.go:229.30,230.57 1 1
github.com/extmatperez/meli_bootcamp_go_w2-2/internal/integrations/http/handlers/product.go:231.12,232.110 1 1
github.com/extmatperez/meli_bootcamp_go_w2-2/internal/integrations/http/handlers/product.go:234.4,234.10 1 3
github.com/extmatperez/meli_bootcamp_go_w2-2/internal/integrations/http/handlers/product.go:236.3,236.55 1 1
github.com/extmatperez/meli_bootcamp_go_w2-2/internal/integrations/http/handlers/product.go:251.57,252.30 1 4
github.com/extmatperez/meli_bootcamp_go_w2-2/internal/integrations/http/handlers/product.go:252.30,254.17 2 4
github.com/extmatperez/meli_bootcamp_go_w2-2/internal/integrations/http/handlers/product.go:254.17,257.4 2 1
github.com/extmatperez/meli_bootcamp_go_w2-2/internal/integrations/http/handlers/product.go:258.3,260.17 3 3
github.com/extmatperez/meli_bootcamp_go_w2-2/internal/integrations/http/handlers/product.go:260.17,261.15 1 2
github.com/extmatperez/meli_bootcamp_go_w2-2/internal/integrations/http/handlers/product.go:262.30,263.57 1 1
github.com/extmatperez/meli_bootcamp_go_w2-2/internal/integrations/http/handlers/product.go:264.12,265.110 1 1
github.com/extmatperez/meli_bootcamp_go_w2-2/internal/integrations/http/handlers/product.go:267.4,267.10 1 2
github.com/extmatperez/meli_bootcamp_go_w2-2/internal/integrations/http/handlers/product.go:270.3,270.50 1 1
github.com/extmatperez/meli_bootcamp_go_w2-2/internal/integrations/http/handlers/section.go:18.60,22.2 1 0
github.com/extmatperez/meli_bootcamp_go_w2-2/internal/integrations/http/handlers/section.go:34.57,35.30 1 0
github.com/extmatperez/meli_bootcamp_go_w2-2/internal/integrations/http/handlers/section.go:35.30,38.17 3 0
github.com/extmatperez/meli_bootcamp_go_w2-2/internal/integrations/http/handlers/section.go:38.17,41.4 2 0
github.com/extmatperez/meli_bootcamp_go_w2-2/internal/integrations/http/handlers/section.go:42.3,42.26 1 0
github.com/extmatperez/meli_bootcamp_go_w2-2/internal/integrations/http/handlers/section.go:42.26,45.4 2 0
github.com/extmatperez/meli_bootcamp_go_w2-2/internal/integrations/http/handlers/section.go:46.3,46.48 1 0
github.com/extmatperez/meli_bootcamp_go_w2-2/internal/integrations/http/handlers/section.go:61.54,62.30 1 0
github.com/extmatperez/meli_bootcamp_go_w2-2/internal/integrations/http/handlers/section.go:62.30,64.17 2 0
github.com/extmatperez/meli_bootcamp_go_w2-2/internal/integrations/http/handlers/section.go:64.17,67.4 2 0
github.com/extmatperez/meli_bootcamp_go_w2-2/internal/integrations/http/handlers/section.go:69.3,71.17 3 0
github.com/extmatperez/meli_bootcamp_go_w2-2/internal/integrations/http/handlers/section.go:71.17,72.15 1 0
github.com/extmatperez/meli_bootcamp_go_w2-2/internal/integrations/http/handlers/section.go:73.30,74.57 1 0
github.com/extmatperez/meli_bootcamp_go_w2-2/internal/integrations/http/handlers/section.go:75.12,76.109 1 0
github.com/extmatperez/meli_bootcamp_go_w2-2/internal/integrations/http/handlers/section.go:78.4,78.10 1 0
github.com/extmatperez/meli_bootcamp_go_w2-2/internal/integrations/http/handlers/section.go:80.3,80.55 1 0
github.com/extmatperez/meli_bootcamp_go_w2-2/internal/integrations/http/handlers/section.go:95.57,96.30 1 0
github.com/extmatperez/meli_bootcamp_go_w2-2/internal/integrations/http/handlers/section.go:96.30,98.48 2 0
github.com/extmatperez/meli_bootcamp_go_w2-2/internal/integrations/http/handlers/section.go:98.48,101.4 2 0
github.com/extmatperez/meli_bootcamp_go_w2-2/internal/integrations/http/handlers/section.go:103.3,103.29 1 0
github.com/extmatperez/meli_bootcamp_go_w2-2/internal/integrations/http/handlers/section.go:103.29,106.4 2 0
github.com/extmatperez/meli_bootcamp_go_w2-2/internal/integrations/http/handlers/section.go:108.3,108.34 1 0
github.com/extmatperez/meli_bootcamp_go_w2-2/internal/integrations/http/handlers/section.go:108.34,111.4 2 0
github.com/extmatperez/meli_bootcamp_go_w2-2/internal/integrations/http/handlers/section.go:113.3,113.34 1 0
github.com/extmatperez/meli_bootcamp_go_w2-2/internal/integrations/http/handlers/section.go:113.34,116.4 2 0
github.com/extmatperez/meli_bootcamp_go_w2-2/internal/integrations/http/handlers/section.go:118.3,118.31 1 0
github.com/extmatperez/meli_bootcamp_go_w2-2/internal/integrations/http/handlers/section.go:118.31,121.4 2 0
github.com/extmatperez/meli_bootcamp_go_w2-2/internal/integrations/http/handlers/section.go:123.3,123.31 1 0
github.com/extmatperez/meli_bootcamp_go_w2-2/internal/integrations/http/handlers/section.go:123.31,126.4 2 0
github.com/extmatperez/meli_bootcamp_go_w2-2/internal/integrations/http/handlers/section.go:128.3,128.31 1 0
github.com/extmatperez/meli_bootcamp_go_w2-2/internal/integrations/http/handlers/section.go:128.31,131.4 2 0
github.com/extmatperez/meli_bootcamp_go_w2-2/internal/integrations/http/handlers/section.go:133.3,133.27 1 0
github.com/extmatperez/meli_bootcamp_go_w2-2/internal/integrations/http/handlers/section.go:133.27,136.4 2 0
github.com/extmatperez/meli_bootcamp_go_w2-2/internal/integrations/http/handlers/section.go:138.3,138.29 1 0
github.com/extmatperez/meli_bootcamp_go_w2-2/internal/integrations/http/handlers/section.go:138.29,141.4 2 0
github.com/extmatperez/meli_bootcamp_go_w2-2/internal/integrations/http/handlers/section.go:143.3,146.17 3 0
github.com/extmatperez/meli_bootcamp_go_w2-2/internal/integrations/http/handlers/section.go:146.17,147.15 1 0
github.com/extmatperez/meli_bootcamp_go_w2-2/internal/integrations/http/handlers/section.go:148.30,149.57 1 0
github.com/extmatperez/meli_bootcamp_go_w2-2/internal/integrations/http/handlers/section.go:150.12,151.108 1 0
github.com/extmatperez/meli_bootcamp_go_w2-2/internal/integrations/http/handlers/section.go:153.4,153.10 1 0
github.com/extmatperez/meli_bootcamp_go_w2-2/internal/integrations/http/handlers/section.go:155.3,155.60 1 0
github.com/extmatperez/meli_bootcamp_go_w2-2/internal/integrations/http/handlers/section.go:171.57,172.30 1 0
github.com/extmatperez/meli_bootcamp_go_w2-2/internal/integrations/http/handlers/section.go:172.30,174.17 2 0
github.com/extmatperez/meli_bootcamp_go_w2-2/internal/integrations/http/handlers/section.go:174.17,177.4 2 0
github.com/extmatperez/meli_bootcamp_go_w2-2/internal/integrations/http/handlers/section.go:178.3,179.48 2 0
github.com/extmatperez/meli_bootcamp_go_w2-2/internal/integrations/http/handlers/section.go:179.48,182.4 2 0
github.com/extmatperez/meli_bootcamp_go_w2-2/internal/integrations/http/handlers/section.go:183.3,185.17 2 0
github.com/extmatperez/meli_bootcamp_go_w2-2/internal/integrations/http/handlers/section.go:185.17,186.15 1 0
github.com/extmatperez/meli_bootcamp_go_w2-2/internal/integrations/http/handlers/section.go:187.30,188.57 1 0
github.com/extmatperez/meli_bootcamp_go_w2-2/internal/integrations/http/handlers/section.go:189.30,190.57 1 0
github.com/extmatperez/meli_bootcamp_go_w2-2/internal/integrations/http/handlers/section.go:191.12,192.110 1 0
github.com/extmatperez/meli_bootcamp_go_w2-2/internal/integrations/http/handlers/section.go:194.4,194.10 1 0
github.com/extmatperez/meli_bootcamp_go_w2-2/internal/integrations/http/handlers/section.go:196.3,196.55 1 0
github.com/extmatperez/meli_bootcamp_go_w2-2/internal/integrations/http/handlers/section.go:211.57,212.30 1 0
github.com/extmatperez/meli_bootcamp_go_w2-2/internal/integrations/http/handlers/section.go:212.30,214.17 2 0
github.com/extmatperez/meli_bootcamp_go_w2-2/internal/integrations/http/handlers/section.go:214.17,217.4 2 0
github.com/extmatperez/meli_bootcamp_go_w2-2/internal/integrations/http/handlers/section.go:218.3,220.17 3 0
github.com/extmatperez/meli_bootcamp_go_w2-2/internal/integrations/http/handlers/section.go:220.17,221.15 1 0
github.com/extmatperez/meli_bootcamp_go_w2-2/internal/integrations/http/handlers/section.go:222.30,223.57 1 0
github.com/extmatperez/meli_bootcamp_go_w2-2/internal/integrations/http/handlers/section.go:224.12,225.110 1 0
github.com/extmatperez/meli_bootcamp_go_w2-2/internal/integrations/http/handlers/section.go:227.4,227.10 1 0
github.com/extmatperez/meli_bootcamp_go_w2-2/internal/integrations/http/handlers/section.go:230.3,230.50 1 0
github.com/extmatperez/meli_bootcamp_go_w2-2/internal/integrations/http/handlers/seller.go:19.57,23.2 1 22
github.com/extmatperez/meli_bootcamp_go_w2-2/internal/integrations/http/handlers/seller.go:35.56,36.30 1 3
github.com/extmatperez/meli_bootcamp_go_w2-2/internal/integrations/http/handlers/seller.go:36.30,40.17 3 3
github.com/extmatperez/meli_bootcamp_go_w2-2/internal/integrations/http/handlers/seller.go:40.17,43.4 2 1
github.com/extmatperez/meli_bootcamp_go_w2-2/internal/integrations/http/handlers/seller.go:45.3,45.25 1 2
github.com/extmatperez/meli_bootcamp_go_w2-2/internal/integrations/http/handlers/seller.go:45.25,48.4 2 1
github.com/extmatperez/meli_bootcamp_go_w2-2/internal/integrations/http/handlers/seller.go:50.3,50.48 1 1
github.com/extmatperez/meli_bootcamp_go_w2-2/internal/integrations/http/handlers/seller.go:65.56,66.30 1 8
github.com/extmatperez/meli_bootcamp_go_w2-2/internal/integrations/http/handlers/seller.go:66.30,68.66 2 8
github.com/extmatperez/meli_bootcamp_go_w2-2/internal/integrations/http/handlers/seller.go:68.66,71.4 2 5
github.com/extmatperez/meli_bootcamp_go_w2-2/internal/integrations/http/handlers/seller.go:73.3,83.17 4 3
github.com/extmatperez/meli_bootcamp_go_w2-2/internal/integrations/http/handlers/seller.go:83.17,84.15 1 2
github.com/extmatperez/meli_bootcamp_go_w2-2/internal/integrations/http/handlers/seller.go:85.30,87.11 2 1
github.com/extmatperez/meli_bootcamp_go_w2-2/internal/integrations/http/handlers/seller.go:88.12,90.11 2 1
github.com/extmatperez/meli_bootcamp_go_w2-2/internal/integrations/http/handlers/seller.go:94.3,94.58 1 1
github.com/extmatperez/meli_bootcamp_go_w2-2/internal/integrations/http/handlers/seller.go:109.53,110.30 1 4
github.com/extmatperez/meli_bootcamp_go_w2-2/internal/integrations/http/handlers/seller.go:110.30,112.17 2 4
github.com/extmatperez/meli_bootcamp_go_w2-2/internal/integrations/http/handlers/seller.go:112.17,115.4 2 1
github.com/extmatperez/meli_bootcamp_go_w2-2/internal/integrations/http/handlers/seller.go:117.3,120.17 3 3
github.com/extmatperez/meli_bootcamp_go_w2-2/internal/integrations/http/handlers/seller.go:120.17,121.44 1 2
github.com/extmatperez/meli_bootcamp_go_w2-2/internal/integrations/http/handlers/seller.go:121.44,124.5 2 1
github.com/extmatperez/meli_bootcamp_go_w2-2/internal/integrations/http/handlers/seller.go:125.4,126.10 2 1
github.com/extmatperez/meli_bootcamp_go_w2-2/internal/integrations/http/handlers/seller.go:129.3,129.53 1 1
github.com/extmatperez/meli_bootcamp_go_w2-2/internal/integrations/http/handlers/seller.go:145.56,146.30 1 4
github.com/extmatperez/meli_bootcamp_go_w2-2/internal/integrations/http/handlers/seller.go:146.30,148.17 2 4
github.com/extmatperez/meli_bootcamp_go_w2-2/internal/integrations/http/handlers/seller.go:148.17,151.4 2 1
github.com/extmatperez/meli_bootcamp_go_w2-2/internal/integrations/http/handlers/seller.go:153.3,155.57 2 3
github.com/extmatperez/meli_bootcamp_go_w2-2/internal/integrations/http/handlers/seller.go:155.57,158.4 2 0
github.com/extmatperez/meli_bootcamp_go_w2-2/internal/integrations/http/handlers/seller.go:160.3,162.17 3 3
github.com/extmatperez/meli_bootcamp_go_w2-2/internal/integrations/http/handlers/seller.go:162.17,163.15 1 2
github.com/extmatperez/meli_bootcamp_go_w2-2/internal/integrations/http/handlers/seller.go:164.30,166.11 2 1
github.com/extmatperez/meli_bootcamp_go_w2-2/internal/integrations/http/handlers/seller.go:167.30,169.11 2 1
github.com/extmatperez/meli_bootcamp_go_w2-2/internal/integrations/http/handlers/seller.go:174.3,174.53 1 1
github.com/extmatperez/meli_bootcamp_go_w2-2/internal/integrations/http/handlers/seller.go:189.56,190.30 1 3
github.com/extmatperez/meli_bootcamp_go_w2-2/internal/integrations/http/handlers/seller.go:190.30,192.17 2 3
github.com/extmatperez/meli_bootcamp_go_w2-2/internal/integrations/http/handlers/seller.go:192.17,195.4 2 1
github.com/extmatperez/meli_bootcamp_go_w2-2/internal/integrations/http/handlers/seller.go:196.3,198.17 3 2
github.com/extmatperez/meli_bootcamp_go_w2-2/internal/integrations/http/handlers/seller.go:198.17,201.4 2 1
github.com/extmatperez/meli_bootcamp_go_w2-2/internal/integrations/http/handlers/seller.go:202.3,202.50 1 1
github.com/extmatperez/meli_bootcamp_go_w2-2/internal/integrations/http/handlers/warehouse.go:18.66,22.2 1 23
github.com/extmatperez/meli_bootcamp_go_w2-2/internal/integrations/http/handlers/warehouse.go:33.56,34.30 1 4
github.com/extmatperez/meli_bootcamp_go_w2-2/internal/integrations/http/handlers/warehouse.go:34.30,37.15 3 4
github.com/extmatperez/meli_bootcamp_go_w2-2/internal/integrations/http/handlers/warehouse.go:37.15,40.4 2 1
github.com/extmatperez/meli_bootcamp_go_w2-2/internal/integrations/http/handlers/warehouse.go:42.3,44.17 2 3
github.com/extmatperez/meli_bootcamp_go_w2-2/internal/integrations/http/handlers/warehouse.go:44.17,47.4 2 2
github.com/extmatperez/meli_bootcamp_go_w2-2/internal/integrations/http/handlers/warehouse.go:49.3,49.46 1 1
github.com/extmatperez/meli_bootcamp_go_w2-2/internal/integrations/http/handlers/warehouse.go:61.59,62.30 1 3
github.com/extmatperez/meli_bootcamp_go_w2-2/internal/integrations/http/handlers/warehouse.go:62.30,65.17 3 3
github.com/extmatperez/meli_bootcamp_go_w2-2/internal/integrations/http/handlers/warehouse.go:65.17,68.4 2 1
github.com/extmatperez/meli_bootcamp_go_w2-2/internal/integrations/http/handlers/warehouse.go:70.3,70.28 1 2
github.com/extmatperez/meli_bootcamp_go_w2-2/internal/integrations/http/handlers/warehouse.go:70.28,73.4 2 1
github.com/extmatperez/meli_bootcamp_go_w2-2/internal/integrations/http/handlers/warehouse.go:75.3,75.51 1 1
github.com/extmatperez/meli_bootcamp_go_w2-2/internal/integrations/http/handlers/warehouse.go:89.59,90.30 1 9
github.com/extmatperez/meli_bootcamp_go_w2-2/internal/integrations/http/handlers/warehouse.go:90.30,92.48 2 9
github.com/extmatperez/meli_bootcamp_go_w2-2/internal/integrations/http/handlers/warehouse.go:92.48,95.4 2 1
github.com/extmatperez/meli_bootcamp_go_w2-2/internal/integrations/http/handlers/warehouse.go:96.3,97.63 2 8
github.com/extmatperez/meli_bootcamp_go_w2-2/internal/integrations/http/handlers/warehouse.go:97.63,100.4 2 5
github.com/extmatperez/meli_bootcamp_go_w2-2/internal/integrations/http/handlers/warehouse.go:101.3,102.15 2 3
github.com/extmatperez/meli_bootcamp_go_w2-2/internal/integrations/http/handlers/warehouse.go:102.15,103.13 1 2
github.com/extmatperez/meli_bootcamp_go_w2-2/internal/integrations/http/handlers/warehouse.go:104.30,106.11 2 1
github.com/extmatperez/meli_bootcamp_go_w2-2/internal/integrations/http/handlers/warehouse.go:107.12,109.11 2 1
github.com/extmatperez/meli_bootcamp_go_w2-2/internal/integrations/http/handlers/warehouse.go:112.3,112.51 1 1
github.com/extmatperez/meli_bootcamp_go_w2-2/internal/integrations/http/handlers/warehouse.go:125.59,126.30 1 4
github.com/extmatperez/meli_bootcamp_go_w2-2/internal/integrations/http/handlers/warehouse.go:126.30,131.15 4 4
github.com/extmatperez/meli_bootcamp_go_w2-2/internal/integrations/http/handlers/warehouse.go:131.15,134.4 2 1
github.com/extmatperez/meli_bootcamp_go_w2-2/internal/integrations/http/handlers/warehouse.go:136.3,136.48 1 3
github.com/extmatperez/meli_bootcamp_go_w2-2/internal/integrations/http/handlers/warehouse.go:136.48,139.4 2 1
github.com/extmatperez/meli_bootcamp_go_w2-2/internal/integrations/http/handlers/warehouse.go:141.3,143.17 2 2
github.com/extmatperez/meli_bootcamp_go_w2-2/internal/integrations/http/handlers/warehouse.go:143.17,146.4 2 1
github.com/extmatperez/meli_bootcamp_go_w2-2/internal/integrations/http/handlers/warehouse.go:148.3,148.46 1 1
github.com/extmatperez/meli_bootcamp_go_w2-2/internal/integrations/http/handlers/warehouse.go:158.59,159.30 1 3
github.com/extmatperez/meli_bootcamp_go_w2-2/internal/integrations/http/handlers/warehouse.go:159.30,162.15 3 3
github.com/extmatperez/meli_bootcamp_go_w2-2/internal/integrations/http/handlers/warehouse.go:162.15,165.4 2 1
github.com/extmatperez/meli_bootcamp_go_w2-2/internal/integrations/http/handlers/warehouse.go:167.3,169.17 2 2
github.com/extmatperez/meli_bootcamp_go_w2-2/internal/integrations/http/handlers/warehouse.go:169.17,172.4 2 1
github.com/extmatperez/meli_bootcamp_go_w2-2/internal/integrations/http/handlers/warehouse.go:174.3,174.50 1 1
github.com/extmatperez/meli_bootcamp_go_w2-2/internal/integrations/http/handlers/warehouse.go:178.88,179.23 1 8
github.com/extmatperez/meli_bootcamp_go_w2-2/internal/integrations/http/handlers/warehouse.go:179.23,181.3 1 1
github.com/extmatperez/meli_bootcamp_go_w2-2/internal/integrations/http/handlers/warehouse.go:182.2,182.25 1 7
github.com/extmatperez/meli_bootcamp_go_w2-2/internal/integrations/http/handlers/warehouse.go:182.25,184.3 1 1
github.com/extmatperez/meli_bootcamp_go_w2-2/internal/integrations/http/handlers/warehouse.go:185.2,185.29 1 6
github.com/extmatperez/meli_bootcamp_go_w2-2/internal/integrations/http/handlers/warehouse.go:185.29,187.3 1 1
github.com/extmatperez/meli_bootcamp_go_w2-2/internal/integrations/http/handlers/warehouse.go:188.2,188.30 1 5
github.com/extmatperez/meli_bootcamp_go_w2-2/internal/integrations/http/handlers/warehouse.go:188.30,190.3 1 1
github.com/extmatperez/meli_bootcamp_go_w2-2/internal/integrations/http/handlers/warehouse.go:191.2,191.33 1 4
github.com/extmatperez/meli_bootcamp_go_w2-2/internal/integrations/http/handlers/warehouse.go:191.33,193.3 1 1
github.com/extmatperez/meli_bootcamp_go_w2-2/internal/integrations/http/handlers/warehouse.go:195.2,195.12 1 3
